{"/home/travis/build/npmtest/node-npmtest-webtorrent/test.js":{"path":"/home/travis/build/npmtest/node-npmtest-webtorrent/test.js","s":{"1":2,"2":2,"3":2,"4":2,"5":2,"6":2,"7":2,"8":1,"9":2,"10":2,"11":1,"12":1,"13":1,"14":1,"15":2,"16":2,"17":2,"18":2,"19":1,"20":1,"21":2,"22":2,"23":2,"24":1,"25":1,"26":1,"27":1,"28":1,"29":1,"30":1,"31":1,"32":1,"33":1,"34":1,"35":1,"36":1,"37":1,"38":1,"39":2,"40":2,"41":1,"42":2,"43":2,"44":1,"45":2,"46":2,"47":1,"48":2,"49":2,"50":1,"51":1,"52":1,"53":1,"54":1},"b":{"1":[2,1,1,1],"2":[1,1,1,1],"3":[1,1],"4":[1,1],"5":[1,1],"6":[1,1],"7":[1,1],"8":[1,1],"9":[1,1],"10":[1,1,1],"11":[1,1],"12":[1,1],"13":[1,1],"14":[1,1],"15":[1,1],"16":[1,1],"17":[1,1]},"f":{"1":2,"2":2,"3":2,"4":2,"5":2,"6":1,"7":1,"8":1,"9":2,"10":2,"11":2,"12":2,"13":1},"fnMap":{"1":{"name":"(anonymous_1)","line":12,"loc":{"start":{"line":12,"column":1},"end":{"line":12,"column":13}}},"2":{"name":"(anonymous_2)","line":19,"loc":{"start":{"line":19,"column":5},"end":{"line":19,"column":17}}},"3":{"name":"(anonymous_3)","line":23,"loc":{"start":{"line":23,"column":24},"end":{"line":23,"column":36}}},"4":{"name":"(anonymous_4)","line":61,"loc":{"start":{"line":61,"column":5},"end":{"line":61,"column":17}}},"5":{"name":"(anonymous_5)","line":82,"loc":{"start":{"line":82,"column":5},"end":{"line":82,"column":17}}},"6":{"name":"(anonymous_6)","line":91,"loc":{"start":{"line":91,"column":77},"end":{"line":94,"column":10}}},"7":{"name":"(anonymous_7)","line":112,"loc":{"start":{"line":112,"column":83},"end":{"line":115,"column":10}},"skip":true},"8":{"name":"(anonymous_8)","line":123,"loc":{"start":{"line":123,"column":77},"end":{"line":126,"column":10}},"skip":true},"9":{"name":"(anonymous_9)","line":139,"loc":{"start":{"line":139,"column":12},"end":{"line":139,"column":40}},"skip":true},"10":{"name":"(anonymous_10)","line":147,"loc":{"start":{"line":147,"column":77},"end":{"line":150,"column":10}},"skip":true},"11":{"name":"(anonymous_11)","line":158,"loc":{"start":{"line":158,"column":83},"end":{"line":161,"column":10}},"skip":true},"12":{"name":"(anonymous_12)","line":169,"loc":{"start":{"line":169,"column":79},"end":{"line":172,"column":10}},"skip":true},"13":{"name":"(anonymous_13)","line":180,"loc":{"start":{"line":180,"column":75},"end":{"line":183,"column":10}},"skip":true}},"statementMap":{"1":{"start":{"line":12,"column":0},"end":{"line":195,"column":5}},"2":{"start":{"line":14,"column":4},"end":{"line":14,"column":14}},"3":{"start":{"line":19,"column":4},"end":{"line":56,"column":9}},"4":{"start":{"line":21,"column":8},"end":{"line":21,"column":19}},"5":{"start":{"line":23,"column":8},"end":{"line":35,"column":13}},"6":{"start":{"line":24,"column":12},"end":{"line":34,"column":13}},"7":{"start":{"line":25,"column":16},"end":{"line":28,"column":30}},"8":{"start":{"line":30,"column":16},"end":{"line":33,"column":27}},"9":{"start":{"line":37,"column":8},"end":{"line":39,"column":21}},"10":{"start":{"line":40,"column":8},"end":{"line":53,"column":9}},"11":{"start":{"line":43,"column":12},"end":{"line":46,"column":14}},"12":{"start":{"line":47,"column":12},"end":{"line":47,"column":18}},"13":{"start":{"line":50,"column":12},"end":{"line":51,"column":33}},"14":{"start":{"line":52,"column":12},"end":{"line":52,"column":18}},"15":{"start":{"line":55,"column":8},"end":{"line":55,"column":35}},"16":{"start":{"line":61,"column":4},"end":{"line":63,"column":9}},"17":{"start":{"line":62,"column":8},"end":{"line":62,"column":15}},"18":{"start":{"line":64,"column":4},"end":{"line":77,"column":5}},"19":{"start":{"line":70,"column":8},"end":{"line":70,"column":14}},"20":{"start":{"line":76,"column":8},"end":{"line":76,"column":14}},"21":{"start":{"line":82,"column":4},"end":{"line":84,"column":9}},"22":{"start":{"line":83,"column":8},"end":{"line":83,"column":15}},"23":{"start":{"line":85,"column":4},"end":{"line":194,"column":5}},"24":{"start":{"line":91,"column":8},"end":{"line":99,"column":10}},"25":{"start":{"line":98,"column":12},"end":{"line":98,"column":35}},"26":{"start":{"line":102,"column":8},"end":{"line":104,"column":63}},"27":{"start":{"line":105,"column":8},"end":{"line":105,"column":14}},"28":{"start":{"line":112,"column":8},"end":{"line":121,"column":10},"skip":true},"29":{"start":{"line":119,"column":12},"end":{"line":119,"column":55},"skip":true},"30":{"start":{"line":120,"column":12},"end":{"line":120,"column":48},"skip":true},"31":{"start":{"line":123,"column":8},"end":{"line":136,"column":10},"skip":true},"32":{"start":{"line":130,"column":12},"end":{"line":130,"column":76},"skip":true},"33":{"start":{"line":131,"column":12},"end":{"line":131,"column":73},"skip":true},"34":{"start":{"line":132,"column":12},"end":{"line":132,"column":74},"skip":true},"35":{"start":{"line":133,"column":12},"end":{"line":133,"column":79},"skip":true},"36":{"start":{"line":134,"column":12},"end":{"line":134,"column":25},"skip":true},"37":{"start":{"line":135,"column":12},"end":{"line":135,"column":45},"skip":true},"38":{"start":{"line":138,"column":8},"end":{"line":145,"column":14},"skip":true},"39":{"start":{"line":143,"column":16},"end":{"line":143,"column":29},"skip":true},"40":{"start":{"line":144,"column":16},"end":{"line":144,"column":55},"skip":true},"41":{"start":{"line":147,"column":8},"end":{"line":156,"column":10},"skip":true},"42":{"start":{"line":154,"column":12},"end":{"line":154,"column":25},"skip":true},"43":{"start":{"line":155,"column":12},"end":{"line":155,"column":45},"skip":true},"44":{"start":{"line":158,"column":8},"end":{"line":167,"column":10},"skip":true},"45":{"start":{"line":165,"column":12},"end":{"line":165,"column":25},"skip":true},"46":{"start":{"line":166,"column":12},"end":{"line":166,"column":48},"skip":true},"47":{"start":{"line":169,"column":8},"end":{"line":178,"column":10},"skip":true},"48":{"start":{"line":176,"column":12},"end":{"line":176,"column":25},"skip":true},"49":{"start":{"line":177,"column":12},"end":{"line":177,"column":46},"skip":true},"50":{"start":{"line":180,"column":8},"end":{"line":189,"column":10},"skip":true},"51":{"start":{"line":187,"column":12},"end":{"line":187,"column":94},"skip":true},"52":{"start":{"line":188,"column":12},"end":{"line":188,"column":48},"skip":true},"53":{"start":{"line":192,"column":8},"end":{"line":192,"column":35},"skip":true},"54":{"start":{"line":193,"column":8},"end":{"line":193,"column":14},"skip":true}},"branchMap":{"1":{"line":25,"type":"binary-expr","locations":[{"start":{"line":25,"column":23},"end":{"line":25,"column":62}},{"start":{"line":26,"column":20},"end":{"line":26,"column":70}},{"start":{"line":27,"column":20},"end":{"line":27,"column":71}},{"start":{"line":28,"column":20},"end":{"line":28,"column":29}}]},"2":{"line":30,"type":"binary-expr","locations":[{"start":{"line":30,"column":23},"end":{"line":30,"column":37}},{"start":{"line":31,"column":20},"end":{"line":31,"column":61}},{"start":{"line":32,"column":20},"end":{"line":32,"column":70}},{"start":{"line":33,"column":20},"end":{"line":33,"column":26}}]},"3":{"line":37,"type":"cond-expr","locations":[{"start":{"line":38,"column":14},"end":{"line":38,"column":20}},{"start":{"line":39,"column":14},"end":{"line":39,"column":20}}]},"4":{"line":40,"type":"switch","locations":[{"start":{"line":42,"column":8},"end":{"line":47,"column":18}},{"start":{"line":49,"column":8},"end":{"line":52,"column":18}}]},"5":{"line":44,"type":"binary-expr","locations":[{"start":{"line":44,"column":16},"end":{"line":44,"column":44}},{"start":{"line":44,"column":48},"end":{"line":44,"column":66}}]},"6":{"line":50,"type":"binary-expr","locations":[{"start":{"line":50,"column":21},"end":{"line":50,"column":49}},{"start":{"line":50,"column":53},"end":{"line":50,"column":72}}]},"7":{"line":64,"type":"switch","locations":[{"start":{"line":69,"column":4},"end":{"line":70,"column":14}},{"start":{"line":75,"column":4},"end":{"line":76,"column":14}}]},"8":{"line":85,"type":"switch","locations":[{"start":{"line":90,"column":4},"end":{"line":105,"column":14}},{"start":{"line":111,"column":4},"end":{"line":193,"column":14},"skip":true}]},"9":{"line":91,"type":"binary-expr","locations":[{"start":{"line":91,"column":42},"end":{"line":91,"column":73}},{"start":{"line":91,"column":77},"end":{"line":99,"column":9}}]},"10":{"line":102,"type":"binary-expr","locations":[{"start":{"line":102,"column":18},"end":{"line":102,"column":32}},{"start":{"line":103,"column":12},"end":{"line":103,"column":53}},{"start":{"line":104,"column":12},"end":{"line":104,"column":61}}]},"11":{"line":112,"type":"binary-expr","locations":[{"start":{"line":112,"column":45},"end":{"line":112,"column":79},"skip":true},{"start":{"line":112,"column":83},"end":{"line":121,"column":9},"skip":true}]},"12":{"line":123,"type":"binary-expr","locations":[{"start":{"line":123,"column":42},"end":{"line":123,"column":73},"skip":true},{"start":{"line":123,"column":77},"end":{"line":136,"column":9},"skip":true}]},"13":{"line":138,"type":"binary-expr","locations":[{"start":{"line":138,"column":48},"end":{"line":138,"column":85},"skip":true},{"start":{"line":139,"column":12},"end":{"line":145,"column":13},"skip":true}]},"14":{"line":147,"type":"binary-expr","locations":[{"start":{"line":147,"column":42},"end":{"line":147,"column":73},"skip":true},{"start":{"line":147,"column":77},"end":{"line":156,"column":9},"skip":true}]},"15":{"line":158,"type":"binary-expr","locations":[{"start":{"line":158,"column":45},"end":{"line":158,"column":79},"skip":true},{"start":{"line":158,"column":83},"end":{"line":167,"column":9},"skip":true}]},"16":{"line":169,"type":"binary-expr","locations":[{"start":{"line":169,"column":43},"end":{"line":169,"column":75},"skip":true},{"start":{"line":169,"column":79},"end":{"line":178,"column":9},"skip":true}]},"17":{"line":180,"type":"binary-expr","locations":[{"start":{"line":180,"column":41},"end":{"line":180,"column":71},"skip":true},{"start":{"line":180,"column":75},"end":{"line":189,"column":9},"skip":true}]}},"code":["/* istanbul instrument in package npmtest_webtorrent */","/*jslint","    bitwise: true,","    browser: true,","    maxerr: 8,","    maxlen: 96,","    node: true,","    nomen: true,","    regexp: true,","    stupid: true","*/","(function () {","    'use strict';","    var local;","","","","    // run shared js-env code - init-before","    (function () {","        // init local","        local = {};","        // init modeJs","        local.modeJs = (function () {","            try {","                return typeof navigator.userAgent === 'string' &&","                    typeof document.querySelector('body') === 'object' &&","                    typeof XMLHttpRequest.prototype.open === 'function' &&","                    'browser';","            } catch (errorCaughtBrowser) {","                return module.exports &&","                    typeof process.versions.node === 'string' &&","                    typeof require('http').createServer === 'function' &&","                    'node';","            }","        }());","        // init global","        local.global = local.modeJs === 'browser'","            ? window","            : global;","        switch (local.modeJs) {","        // re-init local from window.local","        case 'browser':","            local = local.global.utility2.objectSetDefault(","                local.global.utility2_rollup || local.global.local,","                local.global.utility2","            );","            break;","        // re-init local from example.js","        case 'node':","            local = (local.global.utility2_rollup || require('utility2'))","                .requireReadme();","            break;","        }","        // export local","        local.global.local = local;","    }());","","","","    // run shared js-env code - function","    (function () {","        return;","    }());","    switch (local.modeJs) {","","","","    // run browser js-env code - function","    case 'browser':","        break;","","","","    // run node js-env code - function","    case 'node':","        break;","    }","","","","    // run shared js-env code - init-after","    (function () {","        return;","    }());","    switch (local.modeJs) {","","","","    // run browser js-env code - init-after","    case 'browser':","        local.testCase_browser_nullCase = local.testCase_browser_nullCase || function (","            options,","            onError","        ) {","        /*","         * this function will test browsers's null-case handling-behavior-behavior","         */","            onError(null, options);","        };","","        // run tests","        local.nop(local.modeTest &&","            document.querySelector('#testRunButton1') &&","            document.querySelector('#testRunButton1').click());","        break;","","","","    // run node js-env code - init-after","    /* istanbul ignore next */","    case 'node':","        local.testCase_buildApidoc_default = local.testCase_buildApidoc_default || function (","            options,","            onError","        ) {","        /*","         * this function will test buildApidoc's default handling-behavior-behavior","         */","            options = { modulePathList: module.paths };","            local.buildApidoc(options, onError);","        };","","        local.testCase_buildApp_default = local.testCase_buildApp_default || function (","            options,","            onError","        ) {","        /*","         * this function will test buildApp's default handling-behavior-behavior","         */","            local.testCase_buildReadme_default(options, local.onErrorThrow);","            local.testCase_buildLib_default(options, local.onErrorThrow);","            local.testCase_buildTest_default(options, local.onErrorThrow);","            local.testCase_buildCustomOrg_default(options, local.onErrorThrow);","            options = [];","            local.buildApp(options, onError);","        };","","        local.testCase_buildCustomOrg_default = local.testCase_buildCustomOrg_default ||","            function (options, onError) {","            /*","             * this function will test buildCustomOrg's default handling-behavior","             */","                options = {};","                local.buildCustomOrg(options, onError);","            };","","        local.testCase_buildLib_default = local.testCase_buildLib_default || function (","            options,","            onError","        ) {","        /*","         * this function will test buildLib's default handling-behavior","         */","            options = {};","            local.buildLib(options, onError);","        };","","        local.testCase_buildReadme_default = local.testCase_buildReadme_default || function (","            options,","            onError","        ) {","        /*","         * this function will test buildReadme's default handling-behavior-behavior","         */","            options = {};","            local.buildReadme(options, onError);","        };","","        local.testCase_buildTest_default = local.testCase_buildTest_default || function (","            options,","            onError","        ) {","        /*","         * this function will test buildTest's default handling-behavior","         */","            options = {};","            local.buildTest(options, onError);","        };","","        local.testCase_webpage_default = local.testCase_webpage_default || function (","            options,","            onError","        ) {","        /*","         * this function will test webpage's default handling-behavior","         */","            options = { modeCoverageMerge: true, url: local.serverLocalHost + '?modeTest=1' };","            local.browserTest(options, onError);","        };","","        // run test-server","        local.testRunServer(local);","        break;","    }","}());",""],"l":{"12":2,"14":2,"19":2,"21":2,"23":2,"24":2,"25":2,"30":1,"37":2,"40":2,"43":1,"47":1,"50":1,"52":1,"55":2,"61":2,"62":2,"64":2,"70":1,"76":1,"82":2,"83":2,"85":2,"91":1,"98":1,"102":1,"105":1,"112":1,"119":1,"120":1,"123":1,"130":1,"131":1,"132":1,"133":1,"134":1,"135":1,"138":1,"143":2,"144":2,"147":1,"154":2,"155":2,"158":1,"165":2,"166":2,"169":1,"176":2,"177":2,"180":1,"187":1,"188":1,"192":1,"193":1}},"/home/travis/build/npmtest/node-npmtest-webtorrent/lib.npmtest_webtorrent.js":{"path":"/home/travis/build/npmtest/node-npmtest-webtorrent/lib.npmtest_webtorrent.js","s":{"1":2,"2":2,"3":2,"4":2,"5":2,"6":2,"7":2,"8":1,"9":2,"10":2,"11":2,"12":2,"13":1,"14":1,"15":1,"16":1},"b":{"1":[2,1,1,1],"2":[1,1,1,1],"3":[1,1],"4":[2,2],"5":[1,1]},"f":{"1":2,"2":2,"3":2},"fnMap":{"1":{"name":"(anonymous_1)","line":12,"loc":{"start":{"line":12,"column":1},"end":{"line":12,"column":13}}},"2":{"name":"(anonymous_2)","line":19,"loc":{"start":{"line":19,"column":5},"end":{"line":19,"column":17}}},"3":{"name":"(anonymous_3)","line":23,"loc":{"start":{"line":23,"column":24},"end":{"line":23,"column":36}}}},"statementMap":{"1":{"start":{"line":12,"column":0},"end":{"line":53,"column":5}},"2":{"start":{"line":14,"column":4},"end":{"line":14,"column":14}},"3":{"start":{"line":19,"column":4},"end":{"line":52,"column":9}},"4":{"start":{"line":21,"column":8},"end":{"line":21,"column":19}},"5":{"start":{"line":23,"column":8},"end":{"line":35,"column":13}},"6":{"start":{"line":24,"column":12},"end":{"line":34,"column":13}},"7":{"start":{"line":25,"column":16},"end":{"line":28,"column":30}},"8":{"start":{"line":30,"column":16},"end":{"line":33,"column":27}},"9":{"start":{"line":37,"column":8},"end":{"line":39,"column":21}},"10":{"start":{"line":41,"column":8},"end":{"line":41,"column":54}},"11":{"start":{"line":43,"column":8},"end":{"line":43,"column":55}},"12":{"start":{"line":45,"column":8},"end":{"line":51,"column":9}},"13":{"start":{"line":46,"column":12},"end":{"line":46,"column":61}},"14":{"start":{"line":48,"column":12},"end":{"line":48,"column":35}},"15":{"start":{"line":49,"column":12},"end":{"line":49,"column":49}},"16":{"start":{"line":50,"column":12},"end":{"line":50,"column":43}}},"branchMap":{"1":{"line":25,"type":"binary-expr","locations":[{"start":{"line":25,"column":23},"end":{"line":25,"column":62}},{"start":{"line":26,"column":20},"end":{"line":26,"column":70}},{"start":{"line":27,"column":20},"end":{"line":27,"column":71}},{"start":{"line":28,"column":20},"end":{"line":28,"column":29}}]},"2":{"line":30,"type":"binary-expr","locations":[{"start":{"line":30,"column":23},"end":{"line":30,"column":37}},{"start":{"line":31,"column":20},"end":{"line":31,"column":61}},{"start":{"line":32,"column":20},"end":{"line":32,"column":70}},{"start":{"line":33,"column":20},"end":{"line":33,"column":26}}]},"3":{"line":37,"type":"cond-expr","locations":[{"start":{"line":38,"column":14},"end":{"line":38,"column":20}},{"start":{"line":39,"column":14},"end":{"line":39,"column":20}}]},"4":{"line":41,"type":"binary-expr","locations":[{"start":{"line":41,"column":16},"end":{"line":41,"column":44}},{"start":{"line":41,"column":48},"end":{"line":41,"column":53}}]},"5":{"line":45,"type":"if","locations":[{"start":{"line":45,"column":8},"end":{"line":45,"column":8}},{"start":{"line":45,"column":8},"end":{"line":45,"column":8}}]}},"code":["/* istanbul instrument in package npmtest_webtorrent */","/*jslint","    bitwise: true,","    browser: true,","    maxerr: 8,","    maxlen: 96,","    node: true,","    nomen: true,","    regexp: true,","    stupid: true","*/","(function () {","    'use strict';","    var local;","","","","    // run shared js-env code - init-before","    (function () {","        // init local","        local = {};","        // init modeJs","        local.modeJs = (function () {","            try {","                return typeof navigator.userAgent === 'string' &&","                    typeof document.querySelector('body') === 'object' &&","                    typeof XMLHttpRequest.prototype.open === 'function' &&","                    'browser';","            } catch (errorCaughtBrowser) {","                return module.exports &&","                    typeof process.versions.node === 'string' &&","                    typeof require('http').createServer === 'function' &&","                    'node';","            }","        }());","        // init global","        local.global = local.modeJs === 'browser'","            ? window","            : global;","        // init utility2_rollup","        local = local.global.utility2_rollup || local;","        // init lib","        local.local = local.npmtest_webtorrent = local;","        // init exports","        if (local.modeJs === 'browser') {","            local.global.utility2_npmtest_webtorrent = local;","        } else {","            module.exports = local;","            module.exports.__dirname = __dirname;","            module.exports.module = module;","        }","    }());","}());",""],"l":{"12":2,"14":2,"19":2,"21":2,"23":2,"24":2,"25":2,"30":1,"37":2,"41":2,"43":2,"45":2,"46":1,"48":1,"49":1,"50":1}},"/home/travis/build/npmtest/node-npmtest-webtorrent/example.js":{"path":"/home/travis/build/npmtest/node-npmtest-webtorrent/example.js","s":{"1":2,"2":2,"3":2,"4":2,"5":2,"6":2,"7":2,"8":1,"9":2,"10":2,"11":2,"12":2,"13":1,"14":2,"15":2,"16":2,"17":2,"18":2,"19":0,"20":2,"21":1,"22":1,"23":1,"24":1,"25":1,"26":0,"27":0,"28":1,"29":1,"30":2,"31":0,"32":0,"33":0,"34":1,"35":2,"36":2,"37":3,"38":3,"39":3,"40":3,"41":0,"42":3,"43":3,"44":3,"45":1,"46":3,"47":1,"48":1,"49":1,"50":1,"51":1,"52":1,"53":1,"54":1,"55":1,"56":1,"57":0,"58":1,"59":6,"60":6,"61":1,"62":2,"63":0,"64":2,"65":1,"66":1,"67":0,"68":0,"69":0,"70":0,"71":0,"72":0,"73":0,"74":0,"75":0,"76":0,"77":0,"78":0,"79":0,"80":0,"81":0,"82":0,"83":0},"b":{"1":[2,1,1,1],"2":[1,1,1,1],"3":[1,1],"4":[2,2],"5":[1,1],"6":[1,1],"7":[2,0],"8":[2,1,1,1,1,1],"9":[0,2,0],"10":[1,1],"11":[2,1,1],"12":[1,0],"13":[0,2],"14":[2,0,0,0,0,0,0],"15":[0,3],"16":[3,0],"17":[1,1],"18":[0,1],"19":[1,2,0,2],"20":[1,0],"21":[1,1],"22":[0,0],"23":[0,0],"24":[0,0],"25":[0,0],"26":[0,0],"27":[0,0],"28":[0,0]},"f":{"1":2,"2":2,"3":2,"4":2,"5":2,"6":2,"7":3,"8":3,"9":3,"10":1,"11":6,"12":0},"fnMap":{"1":{"name":"(anonymous_1)","line":26,"loc":{"start":{"line":26,"column":1},"end":{"line":26,"column":13}}},"2":{"name":"(anonymous_2)","line":33,"loc":{"start":{"line":33,"column":5},"end":{"line":33,"column":17}}},"3":{"name":"(anonymous_3)","line":37,"loc":{"start":{"line":37,"column":24},"end":{"line":37,"column":36}}},"4":{"name":"(anonymous_4)","line":69,"loc":{"start":{"line":69,"column":31},"end":{"line":69,"column":48}},"skip":true},"5":{"name":"(anonymous_5)","line":78,"loc":{"start":{"line":78,"column":26},"end":{"line":78,"column":45}},"skip":true},"6":{"name":"(anonymous_6)","line":123,"loc":{"start":{"line":123,"column":33},"end":{"line":123,"column":48}},"skip":true},"7":{"name":"(anonymous_7)","line":125,"loc":{"start":{"line":125,"column":27},"end":{"line":125,"column":39}},"skip":true},"8":{"name":"(anonymous_8)","line":133,"loc":{"start":{"line":133,"column":59},"end":{"line":133,"column":74}},"skip":true},"9":{"name":"(anonymous_9)","line":143,"loc":{"start":{"line":143,"column":45},"end":{"line":143,"column":62}},"skip":true},"10":{"name":"(anonymous_10)","line":144,"loc":{"start":{"line":144,"column":73},"end":{"line":144,"column":92}},"skip":true},"11":{"name":"(anonymous_11)","line":272,"loc":{"start":{"line":272,"column":51},"end":{"line":272,"column":77}},"skip":true},"12":{"name":"(anonymous_12)","line":315,"loc":{"start":{"line":315,"column":32},"end":{"line":315,"column":61}},"skip":true}},"statementMap":{"1":{"start":{"line":26,"column":0},"end":{"line":326,"column":5}},"2":{"start":{"line":28,"column":4},"end":{"line":28,"column":14}},"3":{"start":{"line":33,"column":4},"end":{"line":60,"column":9}},"4":{"start":{"line":35,"column":8},"end":{"line":35,"column":19}},"5":{"start":{"line":37,"column":8},"end":{"line":49,"column":13}},"6":{"start":{"line":38,"column":12},"end":{"line":48,"column":13}},"7":{"start":{"line":39,"column":16},"end":{"line":42,"column":30}},"8":{"start":{"line":44,"column":16},"end":{"line":47,"column":27}},"9":{"start":{"line":51,"column":8},"end":{"line":53,"column":21}},"10":{"start":{"line":55,"column":8},"end":{"line":57,"column":45}},"11":{"start":{"line":59,"column":8},"end":{"line":59,"column":35}},"12":{"start":{"line":61,"column":4},"end":{"line":325,"column":5}},"13":{"start":{"line":69,"column":8},"end":{"line":121,"column":10},"skip":true},"14":{"start":{"line":70,"column":12},"end":{"line":88,"column":13},"skip":true},"15":{"start":{"line":76,"column":16},"end":{"line":87,"column":19},"skip":true},"16":{"start":{"line":79,"column":20},"end":{"line":86,"column":21},"skip":true},"17":{"start":{"line":82,"column":24},"end":{"line":82,"column":43},"skip":true},"18":{"start":{"line":83,"column":24},"end":{"line":83,"column":30},"skip":true},"19":{"start":{"line":85,"column":24},"end":{"line":85,"column":49},"skip":true},"20":{"start":{"line":89,"column":12},"end":{"line":107,"column":13},"skip":true},"21":{"start":{"line":92,"column":16},"end":{"line":102,"column":17},"skip":true},"22":{"start":{"line":93,"column":20},"end":{"line":93,"column":86},"skip":true},"23":{"start":{"line":94,"column":20},"end":{"line":95,"column":45},"skip":true},"24":{"start":{"line":96,"column":20},"end":{"line":96,"column":42},"skip":true},"25":{"start":{"line":97,"column":20},"end":{"line":97,"column":48},"skip":true},"26":{"start":{"line":100,"column":20},"end":{"line":100,"column":85},"skip":true},"27":{"start":{"line":101,"column":20},"end":{"line":101,"column":96},"skip":true},"28":{"start":{"line":103,"column":16},"end":{"line":103,"column":22},"skip":true},"29":{"start":{"line":106,"column":16},"end":{"line":106,"column":22},"skip":true},"30":{"start":{"line":108,"column":12},"end":{"line":120,"column":13},"skip":true},"31":{"start":{"line":114,"column":16},"end":{"line":119,"column":17},"skip":true},"32":{"start":{"line":116,"column":20},"end":{"line":116,"column":78},"skip":true},"33":{"start":{"line":118,"column":20},"end":{"line":118,"column":47},"skip":true},"34":{"start":{"line":123,"column":8},"end":{"line":141,"column":11},"skip":true},"35":{"start":{"line":124,"column":12},"end":{"line":124,"column":54},"skip":true},"36":{"start":{"line":125,"column":12},"end":{"line":140,"column":14},"skip":true},"37":{"start":{"line":126,"column":16},"end":{"line":126,"column":28},"skip":true},"38":{"start":{"line":127,"column":16},"end":{"line":127,"column":69},"skip":true},"39":{"start":{"line":128,"column":16},"end":{"line":128,"column":75},"skip":true},"40":{"start":{"line":129,"column":16},"end":{"line":131,"column":17},"skip":true},"41":{"start":{"line":130,"column":20},"end":{"line":130,"column":27},"skip":true},"42":{"start":{"line":133,"column":16},"end":{"line":137,"column":36},"skip":true},"43":{"start":{"line":134,"column":20},"end":{"line":136,"column":55},"skip":true},"44":{"start":{"line":139,"column":16},"end":{"line":139,"column":57},"skip":true},"45":{"start":{"line":143,"column":8},"end":{"line":147,"column":11},"skip":true},"46":{"start":{"line":144,"column":12},"end":{"line":146,"column":15},"skip":true},"47":{"start":{"line":145,"column":16},"end":{"line":145,"column":70},"skip":true},"48":{"start":{"line":149,"column":8},"end":{"line":149,"column":31},"skip":true},"49":{"start":{"line":150,"column":8},"end":{"line":150,"column":14},"skip":true},"50":{"start":{"line":158,"column":8},"end":{"line":158,"column":31},"skip":true},"51":{"start":{"line":160,"column":8},"end":{"line":160,"column":33},"skip":true},"52":{"start":{"line":161,"column":8},"end":{"line":161,"column":37},"skip":true},"53":{"start":{"line":162,"column":8},"end":{"line":162,"column":35},"skip":true},"54":{"start":{"line":164,"column":8},"end":{"line":164,"column":50},"skip":true},"55":{"start":{"line":166,"column":8},"end":{"line":256,"column":2},"skip":true},"56":{"start":{"line":258,"column":8},"end":{"line":286,"column":9},"skip":true},"57":{"start":{"line":259,"column":12},"end":{"line":269,"column":14},"skip":true},"58":{"start":{"line":271,"column":12},"end":{"line":285,"column":19},"skip":true},"59":{"start":{"line":274,"column":20},"end":{"line":274,"column":35},"skip":true},"60":{"start":{"line":275,"column":20},"end":{"line":284,"column":21},"skip":true},"61":{"start":{"line":277,"column":24},"end":{"line":277,"column":64},"skip":true},"62":{"start":{"line":279,"column":24},"end":{"line":279,"column":40},"skip":true},"63":{"start":{"line":281,"column":24},"end":{"line":281,"column":40},"skip":true},"64":{"start":{"line":283,"column":24},"end":{"line":283,"column":39},"skip":true},"65":{"start":{"line":288,"column":8},"end":{"line":290,"column":9},"skip":true},"66":{"start":{"line":289,"column":12},"end":{"line":289,"column":18},"skip":true},"67":{"start":{"line":291,"column":8},"end":{"line":293,"column":54},"skip":true},"68":{"start":{"line":296,"column":8},"end":{"line":301,"column":37},"skip":true},"69":{"start":{"line":303,"column":8},"end":{"line":303,"column":82},"skip":true},"70":{"start":{"line":306,"column":8},"end":{"line":308,"column":9},"skip":true},"71":{"start":{"line":307,"column":12},"end":{"line":307,"column":82},"skip":true},"72":{"start":{"line":310,"column":8},"end":{"line":312,"column":9},"skip":true},"73":{"start":{"line":311,"column":12},"end":{"line":311,"column":18},"skip":true},"74":{"start":{"line":313,"column":8},"end":{"line":313,"column":54},"skip":true},"75":{"start":{"line":314,"column":8},"end":{"line":314,"column":69},"skip":true},"76":{"start":{"line":315,"column":8},"end":{"line":323,"column":36},"skip":true},"77":{"start":{"line":316,"column":12},"end":{"line":316,"column":61},"skip":true},"78":{"start":{"line":317,"column":12},"end":{"line":320,"column":13},"skip":true},"79":{"start":{"line":318,"column":16},"end":{"line":318,"column":75},"skip":true},"80":{"start":{"line":319,"column":16},"end":{"line":319,"column":23},"skip":true},"81":{"start":{"line":321,"column":12},"end":{"line":321,"column":38},"skip":true},"82":{"start":{"line":322,"column":12},"end":{"line":322,"column":27},"skip":true},"83":{"start":{"line":324,"column":8},"end":{"line":324,"column":14},"skip":true}},"branchMap":{"1":{"line":39,"type":"binary-expr","locations":[{"start":{"line":39,"column":23},"end":{"line":39,"column":62}},{"start":{"line":40,"column":20},"end":{"line":40,"column":70}},{"start":{"line":41,"column":20},"end":{"line":41,"column":71}},{"start":{"line":42,"column":20},"end":{"line":42,"column":29}}]},"2":{"line":44,"type":"binary-expr","locations":[{"start":{"line":44,"column":23},"end":{"line":44,"column":37}},{"start":{"line":45,"column":20},"end":{"line":45,"column":61}},{"start":{"line":46,"column":20},"end":{"line":46,"column":70}},{"start":{"line":47,"column":20},"end":{"line":47,"column":26}}]},"3":{"line":51,"type":"cond-expr","locations":[{"start":{"line":52,"column":14},"end":{"line":52,"column":20}},{"start":{"line":53,"column":14},"end":{"line":53,"column":20}}]},"4":{"line":55,"type":"binary-expr","locations":[{"start":{"line":55,"column":16},"end":{"line":55,"column":44}},{"start":{"line":55,"column":49},"end":{"line":57,"column":43}}]},"5":{"line":55,"type":"cond-expr","locations":[{"start":{"line":56,"column":14},"end":{"line":56,"column":54}},{"start":{"line":57,"column":14},"end":{"line":57,"column":43}}]},"6":{"line":61,"type":"switch","locations":[{"start":{"line":68,"column":4},"end":{"line":150,"column":14},"skip":true},{"start":{"line":156,"column":4},"end":{"line":324,"column":14},"skip":true}]},"7":{"line":70,"type":"if","locations":[{"start":{"line":70,"column":12},"end":{"line":70,"column":12},"skip":true},{"start":{"line":70,"column":12},"end":{"line":70,"column":12},"skip":true}]},"8":{"line":70,"type":"binary-expr","locations":[{"start":{"line":70,"column":16},"end":{"line":70,"column":22},"skip":true},{"start":{"line":70,"column":27},"end":{"line":70,"column":32},"skip":true},{"start":{"line":71,"column":20},"end":{"line":71,"column":39},"skip":true},{"start":{"line":72,"column":20},"end":{"line":72,"column":49},"skip":true},{"start":{"line":73,"column":20},"end":{"line":73,"column":58},"skip":true},{"start":{"line":74,"column":20},"end":{"line":74,"column":69},"skip":true}]},"9":{"line":79,"type":"switch","locations":[{"start":{"line":80,"column":20},"end":{"line":80,"column":33},"skip":true},{"start":{"line":81,"column":20},"end":{"line":83,"column":30},"skip":true},{"start":{"line":84,"column":20},"end":{"line":85,"column":49},"skip":true}]},"10":{"line":89,"type":"switch","locations":[{"start":{"line":90,"column":12},"end":{"line":103,"column":22},"skip":true},{"start":{"line":105,"column":12},"end":{"line":106,"column":22},"skip":true}]},"11":{"line":89,"type":"binary-expr","locations":[{"start":{"line":89,"column":20},"end":{"line":89,"column":25},"skip":true},{"start":{"line":89,"column":29},"end":{"line":89,"column":48},"skip":true},{"start":{"line":89,"column":52},"end":{"line":89,"column":74},"skip":true}]},"12":{"line":92,"type":"if","locations":[{"start":{"line":92,"column":16},"end":{"line":92,"column":16},"skip":true},{"start":{"line":92,"column":16},"end":{"line":92,"column":16},"skip":true}]},"13":{"line":108,"type":"if","locations":[{"start":{"line":108,"column":12},"end":{"line":108,"column":12},"skip":true},{"start":{"line":108,"column":12},"end":{"line":108,"column":12},"skip":true}]},"14":{"line":108,"type":"binary-expr","locations":[{"start":{"line":108,"column":16},"end":{"line":108,"column":61},"skip":true},{"start":{"line":108,"column":66},"end":{"line":108,"column":72},"skip":true},{"start":{"line":108,"column":77},"end":{"line":108,"column":82},"skip":true},{"start":{"line":109,"column":20},"end":{"line":109,"column":39},"skip":true},{"start":{"line":110,"column":20},"end":{"line":110,"column":49},"skip":true},{"start":{"line":111,"column":20},"end":{"line":111,"column":58},"skip":true},{"start":{"line":112,"column":20},"end":{"line":112,"column":68},"skip":true}]},"15":{"line":129,"type":"if","locations":[{"start":{"line":129,"column":16},"end":{"line":129,"column":16},"skip":true},{"start":{"line":129,"column":16},"end":{"line":129,"column":16},"skip":true}]},"16":{"line":134,"type":"cond-expr","locations":[{"start":{"line":135,"column":26},"end":{"line":135,"column":29},"skip":true},{"start":{"line":136,"column":26},"end":{"line":136,"column":54},"skip":true}]},"17":{"line":164,"type":"binary-expr","locations":[{"start":{"line":164,"column":27},"end":{"line":164,"column":43},"skip":true},{"start":{"line":164,"column":47},"end":{"line":164,"column":49},"skip":true}]},"18":{"line":258,"type":"if","locations":[{"start":{"line":258,"column":8},"end":{"line":258,"column":8},"skip":true},{"start":{"line":258,"column":8},"end":{"line":258,"column":8},"skip":true}]},"19":{"line":275,"type":"switch","locations":[{"start":{"line":276,"column":20},"end":{"line":277,"column":64},"skip":true},{"start":{"line":278,"column":20},"end":{"line":279,"column":40},"skip":true},{"start":{"line":280,"column":20},"end":{"line":281,"column":40},"skip":true},{"start":{"line":282,"column":20},"end":{"line":283,"column":39},"skip":true}]},"20":{"line":288,"type":"if","locations":[{"start":{"line":288,"column":8},"end":{"line":288,"column":8},"skip":true},{"start":{"line":288,"column":8},"end":{"line":288,"column":8},"skip":true}]},"21":{"line":288,"type":"binary-expr","locations":[{"start":{"line":288,"column":12},"end":{"line":288,"column":40},"skip":true},{"start":{"line":288,"column":44},"end":{"line":288,"column":67},"skip":true}]},"22":{"line":292,"type":"binary-expr","locations":[{"start":{"line":292,"column":12},"end":{"line":292,"column":50},"skip":true},{"start":{"line":293,"column":12},"end":{"line":293,"column":53},"skip":true}]},"23":{"line":297,"type":"binary-expr","locations":[{"start":{"line":297,"column":12},"end":{"line":297,"column":68},"skip":true},{"start":{"line":298,"column":12},"end":{"line":301,"column":36},"skip":true}]},"24":{"line":303,"type":"binary-expr","locations":[{"start":{"line":303,"column":43},"end":{"line":303,"column":75},"skip":true},{"start":{"line":303,"column":79},"end":{"line":303,"column":81},"skip":true}]},"25":{"line":306,"type":"if","locations":[{"start":{"line":306,"column":8},"end":{"line":306,"column":8},"skip":true},{"start":{"line":306,"column":8},"end":{"line":306,"column":8},"skip":true}]},"26":{"line":310,"type":"if","locations":[{"start":{"line":310,"column":8},"end":{"line":310,"column":8},"skip":true},{"start":{"line":310,"column":8},"end":{"line":310,"column":8},"skip":true}]},"27":{"line":313,"type":"binary-expr","locations":[{"start":{"line":313,"column":27},"end":{"line":313,"column":43},"skip":true},{"start":{"line":313,"column":47},"end":{"line":313,"column":53},"skip":true}]},"28":{"line":317,"type":"if","locations":[{"start":{"line":317,"column":12},"end":{"line":317,"column":12},"skip":true},{"start":{"line":317,"column":12},"end":{"line":317,"column":12},"skip":true}]}},"code":["/*","example.js","","quickstart example","","instruction","    1. save this script as example.js","    2. run the shell command:","        $ npm install npmtest-webtorrent && PORT=8081 node example.js","    3. play with the browser-demo on http://127.0.0.1:8081","*/","","","","/* istanbul instrument in package npmtest_webtorrent */","/*jslint","    bitwise: true,","    browser: true,","    maxerr: 8,","    maxlen: 96,","    node: true,","    nomen: true,","    regexp: true,","    stupid: true","*/","(function () {","    'use strict';","    var local;","","","","    // run shared js-env code - init-before","    (function () {","        // init local","        local = {};","        // init modeJs","        local.modeJs = (function () {","            try {","                return typeof navigator.userAgent === 'string' &&","                    typeof document.querySelector('body') === 'object' &&","                    typeof XMLHttpRequest.prototype.open === 'function' &&","                    'browser';","            } catch (errorCaughtBrowser) {","                return module.exports &&","                    typeof process.versions.node === 'string' &&","                    typeof require('http').createServer === 'function' &&","                    'node';","            }","        }());","        // init global","        local.global = local.modeJs === 'browser'","            ? window","            : global;","        // init utility2_rollup","        local = local.global.utility2_rollup || (local.modeJs === 'browser'","            ? local.global.utility2_npmtest_webtorrent","            : global.utility2_moduleExports);","        // export local","        local.global.local = local;","    }());","    switch (local.modeJs) {","","","","    // init-after","    // run browser js-env code - init-after","    /* istanbul ignore next */","    case 'browser':","        local.testRunBrowser = function (event) {","            if (!event || (event &&","                    event.currentTarget &&","                    event.currentTarget.className &&","                    event.currentTarget.className.includes &&","                    event.currentTarget.className.includes('onreset'))) {","                // reset output","                Array.from(","                    document.querySelectorAll('body > .resettable')","                ).forEach(function (element) {","                    switch (element.tagName) {","                    case 'INPUT':","                    case 'TEXTAREA':","                        element.value = '';","                        break;","                    default:","                        element.textContent = '';","                    }","                });","            }","            switch (event && event.currentTarget && event.currentTarget.id) {","            case 'testRunButton1':","                // show tests","                if (document.querySelector('#testReportDiv1').style.display === 'none') {","                    document.querySelector('#testReportDiv1').style.display = 'block';","                    document.querySelector('#testRunButton1').textContent =","                        'hide internal test';","                    local.modeTest = true;","                    local.testRunDefault(local);","                // hide tests","                } else {","                    document.querySelector('#testReportDiv1').style.display = 'none';","                    document.querySelector('#testRunButton1').textContent = 'run internal test';","                }","                break;","            // custom-case","            default:","                break;","            }","            if (document.querySelector('#inputTextareaEval1') && (!event || (event &&","                    event.currentTarget &&","                    event.currentTarget.className &&","                    event.currentTarget.className.includes &&","                    event.currentTarget.className.includes('oneval')))) {","                // try to eval input-code","                try {","                    /*jslint evil: true*/","                    eval(document.querySelector('#inputTextareaEval1').value);","                } catch (errorCaught) {","                    console.error(errorCaught);","                }","            }","        };","        // log stderr and stdout to #outputTextareaStdout1","        ['error', 'log'].forEach(function (key) {","            console[key + '_original'] = console[key];","            console[key] = function () {","                var element;","                console[key + '_original'].apply(console, arguments);","                element = document.querySelector('#outputTextareaStdout1');","                if (!element) {","                    return;","                }","                // append text to #outputTextareaStdout1","                element.value += Array.from(arguments).map(function (arg) {","                    return typeof arg === 'string'","                        ? arg","                        : JSON.stringify(arg, null, 4);","                }).join(' ') + '\\n';","                // scroll textarea to bottom","                element.scrollTop = element.scrollHeight;","            };","        });","        // init event-handling","        ['change', 'click', 'keyup'].forEach(function (event) {","            Array.from(document.querySelectorAll('.on' + event)).forEach(function (element) {","                element.addEventListener(event, local.testRunBrowser);","            });","        });","        // run tests","        local.testRunBrowser();","        break;","","","","    // run node js-env code - init-after","    /* istanbul ignore next */","    case 'node':","        // export local","        module.exports = local;","        // require modules","        local.fs = require('fs');","        local.http = require('http');","        local.url = require('url');","        // init assets","        local.assetsDict = local.assetsDict || {};","        /* jslint-ignore-begin */","        local.assetsDict['/assets.index.template.html'] = '\\","<!doctype html>\\n\\","<html lang=\"en\">\\n\\","<head>\\n\\","<meta charset=\"UTF-8\">\\n\\","<meta name=\"viewport\" content=\"width=device-width, initial-scale=1\">\\n\\","<title>{{env.npm_package_name}} (v{{env.npm_package_version}})</title>\\n\\","<style>\\n\\","/*csslint\\n\\","    box-sizing: false,\\n\\","    universal-selector: false\\n\\","*/\\n\\","* {\\n\\","    box-sizing: border-box;\\n\\","}\\n\\","body {\\n\\","    background: #dde;\\n\\","    font-family: Arial, Helvetica, sans-serif;\\n\\","    margin: 2rem;\\n\\","}\\n\\","body > * {\\n\\","    margin-bottom: 1rem;\\n\\","}\\n\\",".utility2FooterDiv {\\n\\","    margin-top: 20px;\\n\\","    text-align: center;\\n\\","}\\n\\","</style>\\n\\","<style>\\n\\","/*csslint\\n\\","*/\\n\\","textarea {\\n\\","    font-family: monospace;\\n\\","    height: 10rem;\\n\\","    width: 100%;\\n\\","}\\n\\","textarea[readonly] {\\n\\","    background: #ddd;\\n\\","}\\n\\","</style>\\n\\","</head>\\n\\","<body>\\n\\","<!-- utility2-comment\\n\\","<div id=\"ajaxProgressDiv1\" style=\"background: #d00; height: 2px; left: 0; margin: 0; padding: 0; position: fixed; top: 0; transition: background 0.5s, width 1.5s; width: 25%;\"></div>\\n\\","utility2-comment -->\\n\\","<h1>\\n\\","<!-- utility2-comment\\n\\","    <a\\n\\","        {{#if env.npm_package_homepage}}\\n\\","        href=\"{{env.npm_package_homepage}}\"\\n\\","        {{/if env.npm_package_homepage}}\\n\\","        target=\"_blank\"\\n\\","    >\\n\\","utility2-comment -->\\n\\","        {{env.npm_package_name}} (v{{env.npm_package_version}})\\n\\","<!-- utility2-comment\\n\\","    </a>\\n\\","utility2-comment -->\\n\\","</h1>\\n\\","<h3>{{env.npm_package_description}}</h3>\\n\\","<!-- utility2-comment\\n\\","<h4><a download href=\"assets.app.js\">download standalone app</a></h4>\\n\\","<button class=\"onclick onreset\" id=\"testRunButton1\">run internal test</button><br>\\n\\","<div id=\"testReportDiv1\" style=\"display: none;\"></div>\\n\\","utility2-comment -->\\n\\","\\n\\","\\n\\","\\n\\","<label>stderr and stdout</label>\\n\\","<textarea class=\"resettable\" id=\"outputTextareaStdout1\" readonly></textarea>\\n\\","<!-- utility2-comment\\n\\","{{#if isRollup}}\\n\\","<script src=\"assets.app.js\"></script>\\n\\","{{#unless isRollup}}\\n\\","utility2-comment -->\\n\\","<script src=\"assets.utility2.rollup.js\"></script>\\n\\","<script src=\"jsonp.utility2._stateInit?callback=window.utility2._stateInit\"></script>\\n\\","<script src=\"assets.npmtest_webtorrent.rollup.js\"></script>\\n\\","<script src=\"assets.example.js\"></script>\\n\\","<script src=\"assets.test.js\"></script>\\n\\","<!-- utility2-comment\\n\\","{{/if isRollup}}\\n\\","utility2-comment -->\\n\\","<div class=\"utility2FooterDiv\">\\n\\","    [ this app was created with\\n\\","    <a href=\"https://github.com/kaizhu256/node-utility2\" target=\"_blank\">utility2</a>\\n\\","    ]\\n\\","</div>\\n\\","</body>\\n\\","</html>\\n\\","';","        /* jslint-ignore-end */","        if (local.templateRender) {","            local.assetsDict['/'] = local.templateRender(","                local.assetsDict['/assets.index.template.html'],","                {","                    env: local.objectSetDefault(local.env, {","                        npm_package_description: 'the greatest app in the world!',","                        npm_package_name: 'my-app',","                        npm_package_nameAlias: 'my_app',","                        npm_package_version: '0.0.1'","                    })","                }","            );","        } else {","            local.assetsDict['/'] = local.assetsDict['/assets.index.template.html']","                .replace((/\\{\\{env\\.(\\w+?)\\}\\}/g), function (match0, match1) {","                    // jslint-hack","                    String(match0);","                    switch (match1) {","                    case 'npm_package_description':","                        return 'the greatest app in the world!';","                    case 'npm_package_name':","                        return 'my-app';","                    case 'npm_package_nameAlias':","                        return 'my_app';","                    case 'npm_package_version':","                        return '0.0.1';","                    }","                });","        }","        // run the cli","        if (local.global.utility2_rollup || module !== require.main) {","            break;","        }","        local.assetsDict['/assets.example.js'] =","            local.assetsDict['/assets.example.js'] ||","            local.fs.readFileSync(__filename, 'utf8');","        // bug-workaround - long $npm_package_buildCustomOrg","        /* jslint-ignore-begin */","        local.assetsDict['/assets.npmtest_webtorrent.rollup.js'] =","            local.assetsDict['/assets.npmtest_webtorrent.rollup.js'] ||","            local.fs.readFileSync(","                local.npmtest_webtorrent.__dirname + '/lib.npmtest_webtorrent.js',","                'utf8'","            ).replace((/^#!/), '//');","        /* jslint-ignore-end */","        local.assetsDict['/favicon.ico'] = local.assetsDict['/favicon.ico'] || '';","        // if $npm_config_timeout_exit exists,","        // then exit this process after $npm_config_timeout_exit ms","        if (Number(process.env.npm_config_timeout_exit)) {","            setTimeout(process.exit, Number(process.env.npm_config_timeout_exit));","        }","        // start server","        if (local.global.utility2_serverHttp1) {","            break;","        }","        process.env.PORT = process.env.PORT || '8081';","        console.error('server starting on port ' + process.env.PORT);","        local.http.createServer(function (request, response) {","            request.urlParsed = local.url.parse(request.url);","            if (local.assetsDict[request.urlParsed.pathname] !== undefined) {","                response.end(local.assetsDict[request.urlParsed.pathname]);","                return;","            }","            response.statusCode = 404;","            response.end();","        }).listen(process.env.PORT);","        break;","    }","}());",""],"l":{"26":2,"28":2,"33":2,"35":2,"37":2,"38":2,"39":2,"44":1,"51":2,"55":2,"59":2,"61":2,"69":1,"70":2,"76":2,"79":2,"82":2,"83":2,"85":1,"89":2,"92":1,"93":1,"94":1,"96":1,"97":1,"100":1,"101":1,"103":1,"106":1,"108":2,"114":1,"116":1,"118":1,"123":1,"124":2,"125":2,"126":3,"127":3,"128":3,"129":3,"130":1,"133":3,"134":3,"139":3,"143":1,"144":3,"145":1,"149":1,"150":1,"158":1,"160":1,"161":1,"162":1,"164":1,"166":1,"258":1,"259":1,"271":1,"274":6,"275":6,"277":1,"279":2,"281":1,"283":2,"288":1,"289":1,"291":1,"296":1,"303":1,"306":1,"307":1,"310":1,"311":1,"313":1,"314":1,"315":1,"316":1,"317":1,"318":1,"319":1,"321":1,"322":1,"324":1}},"/home/travis/build/npmtest/node-npmtest-webtorrent/node_modules/webtorrent/index.js":{"path":"/home/travis/build/npmtest/node-npmtest-webtorrent/node_modules/webtorrent/index.js","s":{"1":2,"2":2,"3":2,"4":2,"5":2,"6":2,"7":2,"8":2,"9":2,"10":2,"11":2,"12":2,"13":2,"14":2,"15":2,"16":2,"17":0,"18":0,"19":0,"20":0,"21":0,"22":0,"23":0,"24":0,"25":1,"26":0,"27":0,"28":0,"29":0,"30":0,"31":0,"32":0,"33":0,"34":0,"35":0,"36":0,"37":0,"38":0,"39":0,"40":0,"41":0,"42":0,"43":0,"44":0,"45":0,"46":0,"47":0,"48":0,"49":0,"50":0,"51":0,"52":0,"53":0,"54":0,"55":0,"56":0,"57":0,"58":0,"59":0,"60":0,"61":0,"62":0,"63":0,"64":0,"65":0,"66":0,"67":0,"68":0,"69":0,"70":0,"71":0,"72":0,"73":0,"74":0,"75":0,"76":0,"77":0,"78":0,"79":0,"80":0,"81":0,"82":0,"83":0,"84":0,"85":0,"86":0,"87":0,"88":0,"89":1,"90":0,"91":0,"92":0,"93":0,"94":0,"95":0,"96":0,"97":0,"98":0,"99":0,"100":0,"101":0,"102":0,"103":0,"104":0,"105":0,"106":0,"107":0,"108":0,"109":0,"110":0,"111":0,"112":0,"113":0,"114":0,"115":0,"116":0,"117":0,"118":0,"119":0,"120":0,"121":0,"122":0,"123":0,"124":0,"125":0,"126":0,"127":0,"128":0,"129":0,"130":0,"131":0,"132":0,"133":0,"134":0,"135":0,"136":0,"137":0,"138":0,"139":0,"140":0,"141":0,"142":0,"143":0,"144":0,"145":0,"146":0,"147":0,"148":0,"149":0,"150":1,"151":0,"152":0,"153":0,"154":0,"155":0,"156":0,"157":0,"158":1,"159":0,"160":0,"161":0,"162":0,"163":0,"164":1,"165":0,"166":0,"167":0,"168":0,"169":0,"170":0,"171":0,"172":0,"173":0,"174":0,"175":0,"176":0,"177":0,"178":0,"179":0,"180":0,"181":0,"182":0,"183":0,"184":0,"185":0,"186":0,"187":0,"188":0,"189":0,"190":0,"191":0,"192":0,"193":0,"194":0,"195":0,"196":0,"197":0,"198":0,"199":0,"200":0,"201":0,"202":0,"203":0,"204":0,"205":0,"206":0,"207":0,"208":0,"209":0,"210":0,"211":0,"212":1,"213":0,"214":0,"215":0,"216":0,"217":0,"218":0,"219":0,"220":0,"221":0,"222":0,"223":0,"224":1,"225":0,"226":0,"227":0,"228":0,"229":0,"230":0,"231":0,"232":0,"233":0,"234":0,"235":0,"236":0,"237":0,"238":0,"239":0,"240":0,"241":0,"242":0,"243":0,"244":0,"245":0,"246":0,"247":0,"248":0,"249":0,"250":0,"251":0,"252":0,"253":0,"254":0,"255":0,"256":0,"257":0,"258":0,"259":0,"260":0,"261":0,"262":0,"263":0,"264":0,"265":0,"266":0,"267":0,"268":0,"269":0,"270":0,"271":0,"272":0,"273":0,"274":0,"275":0,"276":0,"277":0,"278":0,"279":0,"280":0,"281":0,"282":1,"283":0,"284":1,"285":0},"b":{"1":[0,0],"2":[0,0],"3":[0,0],"4":[0,0],"5":[0,0],"6":[0,0],"7":[0,0],"8":[0,0],"9":[0,0],"10":[0,0],"11":[0,0],"12":[0,0],"13":[0,0],"14":[0,0],"15":[0,0],"16":[0,0],"17":[0,0],"18":[0,0],"19":[0,0],"20":[0,0],"21":[0,0],"22":[0,0],"23":[0,0],"24":[0,0],"25":[0,0],"26":[0,0],"27":[0,0],"28":[0,0],"29":[0,0],"30":[0,0],"31":[0,0],"32":[0,0],"33":[0,0],"34":[0,0],"35":[0,0],"36":[0,0],"37":[0,0],"38":[0,0],"39":[0,0],"40":[0,0],"41":[0,0],"42":[0,0],"43":[0,0],"44":[0,0],"45":[0,0],"46":[0,0],"47":[0,0],"48":[0,0],"49":[0,0],"50":[0,0],"51":[0,0],"52":[0,0],"53":[0,0],"54":[0,0],"55":[0,0],"56":[0,0],"57":[0,0],"58":[0,0],"59":[0,0],"60":[0,0],"61":[0,0],"62":[0,0],"63":[0,0],"64":[0,0],"65":[0,0],"66":[0,0],"67":[0,0],"68":[0,0],"69":[0,0],"70":[0,0,0],"71":[0,0]},"f":{"1":0,"2":0,"3":0,"4":0,"5":0,"6":0,"7":0,"8":0,"9":0,"10":0,"11":0,"12":0,"13":0,"14":0,"15":0,"16":0,"17":0,"18":0,"19":0,"20":0,"21":0,"22":0,"23":0,"24":0,"25":0,"26":0,"27":0,"28":0,"29":0,"30":0,"31":0,"32":0,"33":0,"34":0,"35":0,"36":0,"37":0,"38":0,"39":0,"40":0,"41":0,"42":0,"43":0,"44":0,"45":0,"46":0,"47":0},"fnMap":{"1":{"name":"(anonymous_1)","line":38,"loc":{"start":{"line":38,"column":7},"end":{"line":38,"column":20}}},"2":{"name":"WebTorrent","line":56,"loc":{"start":{"line":56,"column":0},"end":{"line":56,"column":27}}},"3":{"name":"(anonymous_3)","line":116,"loc":{"start":{"line":116,"column":21},"end":{"line":116,"column":33}}},"4":{"name":"(anonymous_4)","line":129,"loc":{"start":{"line":129,"column":27},"end":{"line":129,"column":42}}},"5":{"name":"(anonymous_5)","line":133,"loc":{"start":{"line":133,"column":31},"end":{"line":133,"column":43}}},"6":{"name":"(anonymous_6)","line":154,"loc":{"start":{"line":154,"column":7},"end":{"line":154,"column":29}}},"7":{"name":"ready","line":163,"loc":{"start":{"line":163,"column":2},"end":{"line":163,"column":20}}},"8":{"name":"(anonymous_8)","line":173,"loc":{"start":{"line":173,"column":7},"end":{"line":173,"column":19}}},"9":{"name":"(anonymous_9)","line":177,"loc":{"start":{"line":177,"column":7},"end":{"line":177,"column":19}}},"10":{"name":"(anonymous_10)","line":181,"loc":{"start":{"line":181,"column":7},"end":{"line":181,"column":19}}},"11":{"name":"(anonymous_11)","line":182,"loc":{"start":{"line":182,"column":40},"end":{"line":182,"column":59}}},"12":{"name":"(anonymous_12)","line":185,"loc":{"start":{"line":185,"column":37},"end":{"line":185,"column":63}}},"13":{"name":"(anonymous_13)","line":188,"loc":{"start":{"line":188,"column":33},"end":{"line":188,"column":59}}},"14":{"name":"(anonymous_14)","line":196,"loc":{"start":{"line":196,"column":7},"end":{"line":196,"column":19}}},"15":{"name":"(anonymous_15)","line":197,"loc":{"start":{"line":197,"column":40},"end":{"line":197,"column":66}}},"16":{"name":"(anonymous_16)","line":200,"loc":{"start":{"line":200,"column":40},"end":{"line":200,"column":66}}},"17":{"name":"(anonymous_17)","line":215,"loc":{"start":{"line":215,"column":27},"end":{"line":215,"column":48}}},"18":{"name":"(anonymous_18)","line":241,"loc":{"start":{"line":241,"column":32},"end":{"line":241,"column":70}}},"19":{"name":"(anonymous_19)","line":252,"loc":{"start":{"line":252,"column":27},"end":{"line":252,"column":65}}},"20":{"name":"onInfoHash","line":267,"loc":{"start":{"line":267,"column":2},"end":{"line":267,"column":25}}},"21":{"name":"onReady","line":278,"loc":{"start":{"line":278,"column":2},"end":{"line":278,"column":22}}},"22":{"name":"onClose","line":284,"loc":{"start":{"line":284,"column":2},"end":{"line":284,"column":22}}},"23":{"name":"(anonymous_23)","line":299,"loc":{"start":{"line":299,"column":28},"end":{"line":299,"column":59}}},"24":{"name":"(anonymous_24)","line":317,"loc":{"start":{"line":317,"column":21},"end":{"line":317,"column":37}}},"25":{"name":"(anonymous_25)","line":318,"loc":{"start":{"line":318,"column":11},"end":{"line":318,"column":25}}},"26":{"name":"(anonymous_26)","line":322,"loc":{"start":{"line":322,"column":6},"end":{"line":322,"column":28}}},"27":{"name":"(anonymous_27)","line":326,"loc":{"start":{"line":326,"column":42},"end":{"line":326,"column":64}}},"28":{"name":"(anonymous_28)","line":330,"loc":{"start":{"line":330,"column":26},"end":{"line":330,"column":42}}},"29":{"name":"(anonymous_29)","line":334,"loc":{"start":{"line":334,"column":33},"end":{"line":334,"column":60}}},"30":{"name":"onTorrent","line":348,"loc":{"start":{"line":348,"column":2},"end":{"line":348,"column":31}}},"31":{"name":"(anonymous_31)","line":350,"loc":{"start":{"line":350,"column":6},"end":{"line":350,"column":20}}},"32":{"name":"(anonymous_32)","line":355,"loc":{"start":{"line":355,"column":17},"end":{"line":355,"column":31}}},"33":{"name":"(anonymous_33)","line":359,"loc":{"start":{"line":359,"column":20},"end":{"line":359,"column":35}}},"34":{"name":"_onseed","line":366,"loc":{"start":{"line":366,"column":2},"end":{"line":366,"column":29}}},"35":{"name":"(anonymous_35)","line":381,"loc":{"start":{"line":381,"column":30},"end":{"line":381,"column":55}}},"36":{"name":"(anonymous_36)","line":388,"loc":{"start":{"line":388,"column":31},"end":{"line":388,"column":56}}},"37":{"name":"(anonymous_37)","line":395,"loc":{"start":{"line":395,"column":31},"end":{"line":395,"column":43}}},"38":{"name":"(anonymous_38)","line":406,"loc":{"start":{"line":406,"column":31},"end":{"line":406,"column":45}}},"39":{"name":"(anonymous_39)","line":411,"loc":{"start":{"line":411,"column":32},"end":{"line":411,"column":51}}},"40":{"name":"(anonymous_40)","line":416,"loc":{"start":{"line":416,"column":32},"end":{"line":416,"column":51}}},"41":{"name":"(anonymous_41)","line":417,"loc":{"start":{"line":417,"column":11},"end":{"line":417,"column":25}}},"42":{"name":"(anonymous_42)","line":423,"loc":{"start":{"line":423,"column":15},"end":{"line":423,"column":29}}},"43":{"name":"(anonymous_43)","line":429,"loc":{"start":{"line":429,"column":15},"end":{"line":429,"column":29}}},"44":{"name":"(anonymous_44)","line":443,"loc":{"start":{"line":443,"column":36},"end":{"line":443,"column":48}}},"45":{"name":"(anonymous_45)","line":456,"loc":{"start":{"line":456,"column":30},"end":{"line":456,"column":42}}},"46":{"name":"isReadable","line":467,"loc":{"start":{"line":467,"column":0},"end":{"line":467,"column":26}}},"47":{"name":"isFileList","line":476,"loc":{"start":{"line":476,"column":0},"end":{"line":476,"column":26}}}},"statementMap":{"1":{"start":{"line":3,"column":0},"end":{"line":3,"column":27}},"2":{"start":{"line":5,"column":0},"end":{"line":5,"column":42}},"3":{"start":{"line":6,"column":0},"end":{"line":6,"column":37}},"4":{"start":{"line":7,"column":0},"end":{"line":7,"column":45}},"5":{"start":{"line":8,"column":0},"end":{"line":8,"column":42}},"6":{"start":{"line":9,"column":0},"end":{"line":9,"column":42}},"7":{"start":{"line":10,"column":0},"end":{"line":10,"column":49}},"8":{"start":{"line":11,"column":0},"end":{"line":11,"column":29}},"9":{"start":{"line":12,"column":0},"end":{"line":12,"column":34}},"10":{"start":{"line":13,"column":0},"end":{"line":13,"column":38}},"11":{"start":{"line":14,"column":0},"end":{"line":14,"column":38}},"12":{"start":{"line":15,"column":0},"end":{"line":15,"column":43}},"13":{"start":{"line":16,"column":0},"end":{"line":16,"column":26}},"14":{"start":{"line":17,"column":0},"end":{"line":17,"column":33}},"15":{"start":{"line":18,"column":0},"end":{"line":18,"column":40}},"16":{"start":{"line":19,"column":0},"end":{"line":19,"column":40}},"17":{"start":{"line":20,"column":0},"end":{"line":20,"column":35}},"18":{"start":{"line":22,"column":0},"end":{"line":22,"column":39}},"19":{"start":{"line":23,"column":0},"end":{"line":23,"column":38}},"20":{"start":{"line":28,"column":0},"end":{"line":28,"column":47}},"21":{"start":{"line":36,"column":0},"end":{"line":39,"column":11}},"22":{"start":{"line":38,"column":22},"end":{"line":38,"column":44}},"23":{"start":{"line":48,"column":0},"end":{"line":48,"column":46}},"24":{"start":{"line":50,"column":0},"end":{"line":50,"column":34}},"25":{"start":{"line":56,"column":0},"end":{"line":168,"column":1}},"26":{"start":{"line":57,"column":2},"end":{"line":57,"column":17}},"27":{"start":{"line":58,"column":2},"end":{"line":58,"column":64}},"28":{"start":{"line":58,"column":37},"end":{"line":58,"column":64}},"29":{"start":{"line":59,"column":2},"end":{"line":59,"column":25}},"30":{"start":{"line":61,"column":2},"end":{"line":61,"column":22}},"31":{"start":{"line":61,"column":13},"end":{"line":61,"column":22}},"32":{"start":{"line":63,"column":2},"end":{"line":69,"column":3}},"33":{"start":{"line":64,"column":4},"end":{"line":64,"column":29}},"34":{"start":{"line":65,"column":9},"end":{"line":69,"column":3}},"35":{"start":{"line":66,"column":4},"end":{"line":66,"column":45}},"36":{"start":{"line":68,"column":4},"end":{"line":68,"column":97}},"37":{"start":{"line":70,"column":2},"end":{"line":70,"column":53}},"38":{"start":{"line":72,"column":2},"end":{"line":78,"column":3}},"39":{"start":{"line":73,"column":4},"end":{"line":73,"column":29}},"40":{"start":{"line":74,"column":9},"end":{"line":78,"column":3}},"41":{"start":{"line":75,"column":4},"end":{"line":75,"column":45}},"42":{"start":{"line":77,"column":4},"end":{"line":77,"column":49}},"43":{"start":{"line":79,"column":2},"end":{"line":79,"column":53}},"44":{"start":{"line":81,"column":2},"end":{"line":81,"column":61}},"45":{"start":{"line":83,"column":2},"end":{"line":83,"column":24}},"46":{"start":{"line":84,"column":2},"end":{"line":84,"column":24}},"47":{"start":{"line":85,"column":2},"end":{"line":85,"column":42}},"48":{"start":{"line":86,"column":2},"end":{"line":86,"column":34}},"49":{"start":{"line":87,"column":2},"end":{"line":87,"column":63}},"50":{"start":{"line":88,"column":2},"end":{"line":88,"column":20}},"51":{"start":{"line":89,"column":2},"end":{"line":89,"column":45}},"52":{"start":{"line":91,"column":2},"end":{"line":94,"column":3}},"53":{"start":{"line":96,"column":2},"end":{"line":111,"column":3}},"54":{"start":{"line":97,"column":4},"end":{"line":97,"column":59}},"55":{"start":{"line":97,"column":42},"end":{"line":97,"column":59}},"56":{"start":{"line":98,"column":4},"end":{"line":102,"column":5}},"57":{"start":{"line":100,"column":6},"end":{"line":100,"column":98}},"58":{"start":{"line":101,"column":6},"end":{"line":101,"column":45}},"59":{"start":{"line":103,"column":4},"end":{"line":107,"column":5}},"60":{"start":{"line":105,"column":6},"end":{"line":105,"column":88}},"61":{"start":{"line":106,"column":6},"end":{"line":106,"column":35}},"62":{"start":{"line":108,"column":4},"end":{"line":110,"column":5}},"63":{"start":{"line":109,"column":6},"end":{"line":109,"column":37}},"64":{"start":{"line":113,"column":2},"end":{"line":119,"column":3}},"65":{"start":{"line":114,"column":4},"end":{"line":114,"column":37}},"66":{"start":{"line":116,"column":4},"end":{"line":118,"column":6}},"67":{"start":{"line":117,"column":6},"end":{"line":117,"column":25}},"68":{"start":{"line":122,"column":2},"end":{"line":122,"column":37}},"69":{"start":{"line":123,"column":2},"end":{"line":123,"column":35}},"70":{"start":{"line":125,"column":2},"end":{"line":144,"column":3}},"71":{"start":{"line":127,"column":4},"end":{"line":127,"column":65}},"72":{"start":{"line":129,"column":4},"end":{"line":131,"column":6}},"73":{"start":{"line":130,"column":6},"end":{"line":130,"column":24}},"74":{"start":{"line":133,"column":4},"end":{"line":136,"column":6}},"75":{"start":{"line":134,"column":6},"end":{"line":134,"column":38}},"76":{"start":{"line":135,"column":6},"end":{"line":135,"column":46}},"77":{"start":{"line":135,"column":19},"end":{"line":135,"column":46}},"78":{"start":{"line":139,"column":4},"end":{"line":139,"column":31}},"79":{"start":{"line":141,"column":4},"end":{"line":141,"column":33}},"80":{"start":{"line":143,"column":4},"end":{"line":143,"column":20}},"81":{"start":{"line":147,"column":2},"end":{"line":147,"column":47}},"82":{"start":{"line":149,"column":2},"end":{"line":161,"column":3}},"83":{"start":{"line":150,"column":4},"end":{"line":158,"column":6}},"84":{"start":{"line":155,"column":6},"end":{"line":155,"column":76}},"85":{"start":{"line":155,"column":15},"end":{"line":155,"column":76}},"86":{"start":{"line":156,"column":6},"end":{"line":156,"column":26}},"87":{"start":{"line":157,"column":6},"end":{"line":157,"column":13}},"88":{"start":{"line":160,"column":4},"end":{"line":160,"column":27}},"89":{"start":{"line":163,"column":2},"end":{"line":167,"column":3}},"90":{"start":{"line":164,"column":4},"end":{"line":164,"column":30}},"91":{"start":{"line":164,"column":24},"end":{"line":164,"column":30}},"92":{"start":{"line":165,"column":4},"end":{"line":165,"column":21}},"93":{"start":{"line":166,"column":4},"end":{"line":166,"column":22}},"94":{"start":{"line":170,"column":0},"end":{"line":170,"column":47}},"95":{"start":{"line":172,"column":0},"end":{"line":174,"column":2}},"96":{"start":{"line":173,"column":21},"end":{"line":173,"column":50}},"97":{"start":{"line":176,"column":0},"end":{"line":178,"column":2}},"98":{"start":{"line":177,"column":21},"end":{"line":177,"column":48}},"99":{"start":{"line":180,"column":0},"end":{"line":193,"column":2}},"100":{"start":{"line":182,"column":4},"end":{"line":184,"column":6}},"101":{"start":{"line":183,"column":6},"end":{"line":183,"column":35}},"102":{"start":{"line":185,"column":4},"end":{"line":187,"column":9}},"103":{"start":{"line":186,"column":6},"end":{"line":186,"column":39}},"104":{"start":{"line":188,"column":4},"end":{"line":190,"column":14}},"105":{"start":{"line":189,"column":6},"end":{"line":189,"column":42}},"106":{"start":{"line":191,"column":4},"end":{"line":191,"column":30}},"107":{"start":{"line":195,"column":0},"end":{"line":205,"column":2}},"108":{"start":{"line":197,"column":4},"end":{"line":199,"column":9}},"109":{"start":{"line":198,"column":6},"end":{"line":198,"column":37}},"110":{"start":{"line":200,"column":4},"end":{"line":202,"column":14}},"111":{"start":{"line":201,"column":6},"end":{"line":201,"column":37}},"112":{"start":{"line":203,"column":4},"end":{"line":203,"column":30}},"113":{"start":{"line":215,"column":0},"end":{"line":238,"column":1}},"114":{"start":{"line":216,"column":2},"end":{"line":216,"column":17}},"115":{"start":{"line":217,"column":2},"end":{"line":217,"column":16}},"116":{"start":{"line":218,"column":2},"end":{"line":218,"column":32}},"117":{"start":{"line":220,"column":2},"end":{"line":236,"column":3}},"118":{"start":{"line":221,"column":4},"end":{"line":224,"column":5}},"119":{"start":{"line":222,"column":6},"end":{"line":222,"column":32}},"120":{"start":{"line":223,"column":6},"end":{"line":223,"column":47}},"121":{"start":{"line":223,"column":33},"end":{"line":223,"column":47}},"122":{"start":{"line":226,"column":4},"end":{"line":226,"column":14}},"123":{"start":{"line":227,"column":4},"end":{"line":227,"column":59}},"124":{"start":{"line":227,"column":10},"end":{"line":227,"column":43}},"125":{"start":{"line":229,"column":4},"end":{"line":229,"column":28}},"126":{"start":{"line":229,"column":17},"end":{"line":229,"column":28}},"127":{"start":{"line":230,"column":4},"end":{"line":230,"column":71}},"128":{"start":{"line":230,"column":26},"end":{"line":230,"column":71}},"129":{"start":{"line":232,"column":4},"end":{"line":235,"column":5}},"130":{"start":{"line":233,"column":6},"end":{"line":233,"column":32}},"131":{"start":{"line":234,"column":6},"end":{"line":234,"column":62}},"132":{"start":{"line":234,"column":48},"end":{"line":234,"column":62}},"133":{"start":{"line":237,"column":2},"end":{"line":237,"column":13}},"134":{"start":{"line":241,"column":0},"end":{"line":244,"column":1}},"135":{"start":{"line":242,"column":2},"end":{"line":242,"column":87}},"136":{"start":{"line":243,"column":2},"end":{"line":243,"column":45}},"137":{"start":{"line":252,"column":0},"end":{"line":291,"column":1}},"138":{"start":{"line":253,"column":2},"end":{"line":253,"column":17}},"139":{"start":{"line":254,"column":2},"end":{"line":254,"column":60}},"140":{"start":{"line":254,"column":22},"end":{"line":254,"column":60}},"141":{"start":{"line":255,"column":2},"end":{"line":255,"column":72}},"142":{"start":{"line":255,"column":34},"end":{"line":255,"column":72}},"143":{"start":{"line":257,"column":2},"end":{"line":257,"column":20}},"144":{"start":{"line":258,"column":2},"end":{"line":258,"column":33}},"145":{"start":{"line":260,"column":2},"end":{"line":260,"column":50}},"146":{"start":{"line":261,"column":2},"end":{"line":261,"column":29}},"147":{"start":{"line":263,"column":2},"end":{"line":263,"column":39}},"148":{"start":{"line":264,"column":2},"end":{"line":264,"column":32}},"149":{"start":{"line":265,"column":2},"end":{"line":265,"column":32}},"150":{"start":{"line":267,"column":2},"end":{"line":276,"column":3}},"151":{"start":{"line":268,"column":4},"end":{"line":268,"column":30}},"152":{"start":{"line":268,"column":24},"end":{"line":268,"column":30}},"153":{"start":{"line":269,"column":4},"end":{"line":275,"column":5}},"154":{"start":{"line":270,"column":6},"end":{"line":270,"column":30}},"155":{"start":{"line":271,"column":6},"end":{"line":274,"column":7}},"156":{"start":{"line":272,"column":8},"end":{"line":272,"column":87}},"157":{"start":{"line":273,"column":8},"end":{"line":273,"column":14}},"158":{"start":{"line":278,"column":2},"end":{"line":282,"column":3}},"159":{"start":{"line":279,"column":4},"end":{"line":279,"column":30}},"160":{"start":{"line":279,"column":24},"end":{"line":279,"column":30}},"161":{"start":{"line":280,"column":4},"end":{"line":280,"column":59}},"162":{"start":{"line":280,"column":41},"end":{"line":280,"column":59}},"163":{"start":{"line":281,"column":4},"end":{"line":281,"column":33}},"164":{"start":{"line":284,"column":2},"end":{"line":288,"column":3}},"165":{"start":{"line":285,"column":4},"end":{"line":285,"column":51}},"166":{"start":{"line":286,"column":4},"end":{"line":286,"column":44}},"167":{"start":{"line":287,"column":4},"end":{"line":287,"column":44}},"168":{"start":{"line":290,"column":2},"end":{"line":290,"column":16}},"169":{"start":{"line":299,"column":0},"end":{"line":374,"column":1}},"170":{"start":{"line":300,"column":2},"end":{"line":300,"column":17}},"171":{"start":{"line":301,"column":2},"end":{"line":301,"column":60}},"172":{"start":{"line":301,"column":22},"end":{"line":301,"column":60}},"173":{"start":{"line":302,"column":2},"end":{"line":302,"column":69}},"174":{"start":{"line":302,"column":34},"end":{"line":302,"column":69}},"175":{"start":{"line":304,"column":2},"end":{"line":304,"column":21}},"176":{"start":{"line":305,"column":2},"end":{"line":305,"column":33}},"177":{"start":{"line":308,"column":2},"end":{"line":308,"column":64}},"178":{"start":{"line":308,"column":33},"end":{"line":308,"column":64}},"179":{"start":{"line":309,"column":2},"end":{"line":309,"column":67}},"180":{"start":{"line":309,"column":23},"end":{"line":309,"column":67}},"181":{"start":{"line":311,"column":2},"end":{"line":311,"column":47}},"182":{"start":{"line":312,"column":2},"end":{"line":312,"column":13}},"183":{"start":{"line":314,"column":2},"end":{"line":314,"column":66}},"184":{"start":{"line":314,"column":25},"end":{"line":314,"column":66}},"185":{"start":{"line":315,"column":2},"end":{"line":315,"column":46}},"186":{"start":{"line":315,"column":29},"end":{"line":315,"column":46}},"187":{"start":{"line":317,"column":2},"end":{"line":346,"column":4}},"188":{"start":{"line":318,"column":4},"end":{"line":321,"column":5}},"189":{"start":{"line":319,"column":6},"end":{"line":320,"column":25}},"190":{"start":{"line":319,"column":28},"end":{"line":319,"column":44}},"191":{"start":{"line":320,"column":11},"end":{"line":320,"column":25}},"192":{"start":{"line":323,"column":4},"end":{"line":323,"column":30}},"193":{"start":{"line":323,"column":24},"end":{"line":323,"column":30}},"194":{"start":{"line":324,"column":4},"end":{"line":324,"column":41}},"195":{"start":{"line":324,"column":13},"end":{"line":324,"column":41}},"196":{"start":{"line":326,"column":4},"end":{"line":345,"column":6}},"197":{"start":{"line":327,"column":6},"end":{"line":327,"column":32}},"198":{"start":{"line":327,"column":26},"end":{"line":327,"column":32}},"199":{"start":{"line":328,"column":6},"end":{"line":328,"column":43}},"200":{"start":{"line":328,"column":15},"end":{"line":328,"column":43}},"201":{"start":{"line":330,"column":6},"end":{"line":332,"column":8}},"202":{"start":{"line":331,"column":8},"end":{"line":331,"column":29}},"203":{"start":{"line":334,"column":6},"end":{"line":344,"column":8}},"204":{"start":{"line":335,"column":8},"end":{"line":335,"column":34}},"205":{"start":{"line":335,"column":28},"end":{"line":335,"column":34}},"206":{"start":{"line":336,"column":8},"end":{"line":336,"column":45}},"207":{"start":{"line":336,"column":17},"end":{"line":336,"column":45}},"208":{"start":{"line":338,"column":8},"end":{"line":338,"column":50}},"209":{"start":{"line":339,"column":8},"end":{"line":343,"column":9}},"210":{"start":{"line":340,"column":10},"end":{"line":340,"column":97}},"211":{"start":{"line":342,"column":10},"end":{"line":342,"column":42}},"212":{"start":{"line":348,"column":2},"end":{"line":364,"column":3}},"213":{"start":{"line":349,"column":4},"end":{"line":353,"column":5}},"214":{"start":{"line":351,"column":8},"end":{"line":351,"column":33}},"215":{"start":{"line":354,"column":4},"end":{"line":358,"column":5}},"216":{"start":{"line":355,"column":6},"end":{"line":357,"column":8}},"217":{"start":{"line":356,"column":8},"end":{"line":356,"column":39}},"218":{"start":{"line":359,"column":4},"end":{"line":363,"column":6}},"219":{"start":{"line":360,"column":6},"end":{"line":360,"column":32}},"220":{"start":{"line":360,"column":26},"end":{"line":360,"column":32}},"221":{"start":{"line":361,"column":6},"end":{"line":361,"column":43}},"222":{"start":{"line":361,"column":15},"end":{"line":361,"column":43}},"223":{"start":{"line":362,"column":6},"end":{"line":362,"column":22}},"224":{"start":{"line":366,"column":2},"end":{"line":371,"column":3}},"225":{"start":{"line":367,"column":4},"end":{"line":367,"column":26}},"226":{"start":{"line":368,"column":4},"end":{"line":368,"column":53}},"227":{"start":{"line":368,"column":38},"end":{"line":368,"column":53}},"228":{"start":{"line":369,"column":4},"end":{"line":369,"column":24}},"229":{"start":{"line":370,"column":4},"end":{"line":370,"column":30}},"230":{"start":{"line":373,"column":2},"end":{"line":373,"column":16}},"231":{"start":{"line":381,"column":0},"end":{"line":386,"column":1}},"232":{"start":{"line":382,"column":2},"end":{"line":382,"column":23}},"233":{"start":{"line":383,"column":2},"end":{"line":383,"column":35}},"234":{"start":{"line":384,"column":2},"end":{"line":384,"column":66}},"235":{"start":{"line":384,"column":16},"end":{"line":384,"column":66}},"236":{"start":{"line":385,"column":2},"end":{"line":385,"column":29}},"237":{"start":{"line":388,"column":0},"end":{"line":393,"column":1}},"238":{"start":{"line":389,"column":2},"end":{"line":389,"column":35}},"239":{"start":{"line":390,"column":2},"end":{"line":390,"column":22}},"240":{"start":{"line":390,"column":16},"end":{"line":390,"column":22}},"241":{"start":{"line":391,"column":2},"end":{"line":391,"column":57}},"242":{"start":{"line":392,"column":2},"end":{"line":392,"column":21}},"243":{"start":{"line":395,"column":0},"end":{"line":400,"column":1}},"244":{"start":{"line":396,"column":2},"end":{"line":396,"column":34}},"245":{"start":{"line":396,"column":23},"end":{"line":396,"column":34}},"246":{"start":{"line":397,"column":2},"end":{"line":399,"column":53}},"247":{"start":{"line":406,"column":0},"end":{"line":409,"column":1}},"248":{"start":{"line":407,"column":2},"end":{"line":407,"column":65}},"249":{"start":{"line":407,"column":22},"end":{"line":407,"column":65}},"250":{"start":{"line":408,"column":2},"end":{"line":408,"column":25}},"251":{"start":{"line":411,"column":0},"end":{"line":441,"column":1}},"252":{"start":{"line":412,"column":2},"end":{"line":412,"column":17}},"253":{"start":{"line":413,"column":2},"end":{"line":413,"column":31}},"254":{"start":{"line":414,"column":2},"end":{"line":414,"column":23}},"255":{"start":{"line":416,"column":2},"end":{"line":420,"column":4}},"256":{"start":{"line":417,"column":4},"end":{"line":419,"column":5}},"257":{"start":{"line":418,"column":6},"end":{"line":418,"column":25}},"258":{"start":{"line":422,"column":2},"end":{"line":426,"column":3}},"259":{"start":{"line":423,"column":4},"end":{"line":425,"column":6}},"260":{"start":{"line":424,"column":6},"end":{"line":424,"column":31}},"261":{"start":{"line":428,"column":2},"end":{"line":432,"column":3}},"262":{"start":{"line":429,"column":4},"end":{"line":431,"column":6}},"263":{"start":{"line":430,"column":6},"end":{"line":430,"column":26}},"264":{"start":{"line":434,"column":2},"end":{"line":434,"column":21}},"265":{"start":{"line":436,"column":2},"end":{"line":436,"column":34}},"266":{"start":{"line":436,"column":11},"end":{"line":436,"column":34}},"267":{"start":{"line":438,"column":2},"end":{"line":438,"column":20}},"268":{"start":{"line":439,"column":2},"end":{"line":439,"column":22}},"269":{"start":{"line":440,"column":2},"end":{"line":440,"column":17}},"270":{"start":{"line":443,"column":0},"end":{"line":454,"column":1}},"271":{"start":{"line":444,"column":2},"end":{"line":444,"column":26}},"272":{"start":{"line":445,"column":2},"end":{"line":445,"column":23}},"273":{"start":{"line":447,"column":2},"end":{"line":451,"column":3}},"274":{"start":{"line":449,"column":4},"end":{"line":449,"column":48}},"275":{"start":{"line":450,"column":4},"end":{"line":450,"column":48}},"276":{"start":{"line":450,"column":17},"end":{"line":450,"column":48}},"277":{"start":{"line":453,"column":2},"end":{"line":453,"column":24}},"278":{"start":{"line":456,"column":0},"end":{"line":460,"column":1}},"279":{"start":{"line":457,"column":2},"end":{"line":457,"column":37}},"280":{"start":{"line":458,"column":2},"end":{"line":458,"column":48}},"281":{"start":{"line":459,"column":2},"end":{"line":459,"column":25}},"282":{"start":{"line":467,"column":0},"end":{"line":469,"column":1}},"283":{"start":{"line":468,"column":2},"end":{"line":468,"column":81}},"284":{"start":{"line":476,"column":0},"end":{"line":478,"column":1}},"285":{"start":{"line":477,"column":2},"end":{"line":477,"column":67}}},"branchMap":{"1":{"line":58,"type":"if","locations":[{"start":{"line":58,"column":2},"end":{"line":58,"column":2}},{"start":{"line":58,"column":2},"end":{"line":58,"column":2}}]},"2":{"line":61,"type":"if","locations":[{"start":{"line":61,"column":2},"end":{"line":61,"column":2}},{"start":{"line":61,"column":2},"end":{"line":61,"column":2}}]},"3":{"line":63,"type":"if","locations":[{"start":{"line":63,"column":2},"end":{"line":63,"column":2}},{"start":{"line":63,"column":2},"end":{"line":63,"column":2}}]},"4":{"line":65,"type":"if","locations":[{"start":{"line":65,"column":9},"end":{"line":65,"column":9}},{"start":{"line":65,"column":9},"end":{"line":65,"column":9}}]},"5":{"line":72,"type":"if","locations":[{"start":{"line":72,"column":2},"end":{"line":72,"column":2}},{"start":{"line":72,"column":2},"end":{"line":72,"column":2}}]},"6":{"line":74,"type":"if","locations":[{"start":{"line":74,"column":9},"end":{"line":74,"column":9}},{"start":{"line":74,"column":9},"end":{"line":74,"column":9}}]},"7":{"line":85,"type":"binary-expr","locations":[{"start":{"line":85,"column":21},"end":{"line":85,"column":37}},{"start":{"line":85,"column":41},"end":{"line":85,"column":42}}]}
[...]
"column":31}}},"7":{"name":"(anonymous_7)","line":52,"loc":{"start":{"line":52,"column":21},"end":{"line":52,"column":33}}},"8":{"name":"(anonymous_8)","line":53,"loc":{"start":{"line":53,"column":22},"end":{"line":53,"column":34}}},"9":{"name":"(anonymous_9)","line":55,"loc":{"start":{"line":55,"column":21},"end":{"line":55,"column":69}}},"10":{"name":"(anonymous_10)","line":61,"loc":{"start":{"line":61,"column":32},"end":{"line":61,"column":74}}},"11":{"name":"(anonymous_11)","line":79,"loc":{"start":{"line":79,"column":38},"end":{"line":79,"column":54}}},"12":{"name":"(anonymous_12)","line":86,"loc":{"start":{"line":86,"column":34},"end":{"line":86,"column":59}}},"13":{"name":"(anonymous_13)","line":111,"loc":{"start":{"line":111,"column":19},"end":{"line":111,"column":38}}},"14":{"name":"onResponse","line":127,"loc":{"start":{"line":127,"column":4},"end":{"line":127,"column":36}}},"15":{"name":"(anonymous_15)","line":146,"loc":{"start":{"line":146,"column":21},"end":{"line":146,"column":47}}},"16":{"name":"(anonymous_16)","line":163,"loc":{"start":{"line":163,"column":29},"end":{"line":163,"column":53}}},"17":{"name":"(anonymous_17)","line":179,"loc":{"start":{"line":179,"column":27},"end":{"line":179,"column":53}}},"18":{"name":"(anonymous_18)","line":194,"loc":{"start":{"line":194,"column":28},"end":{"line":194,"column":40}}}},"statementMap":{"1":{"start":{"line":1,"column":0},"end":{"line":1,"column":24}},"2":{"start":{"line":3,"column":0},"end":{"line":3,"column":34}},"3":{"start":{"line":4,"column":0},"end":{"line":4,"column":42}},"4":{"start":{"line":5,"column":0},"end":{"line":5,"column":50}},"5":{"start":{"line":6,"column":0},"end":{"line":6,"column":31}},"6":{"start":{"line":7,"column":0},"end":{"line":7,"column":34}},"7":{"start":{"line":8,"column":0},"end":{"line":8,"column":33}},"8":{"start":{"line":9,"column":0},"end":{"line":9,"column":41}},"9":{"start":{"line":11,"column":0},"end":{"line":11,"column":48}},"10":{"start":{"line":13,"column":0},"end":{"line":13,"column":23}},"11":{"start":{"line":20,"column":0},"end":{"line":28,"column":1}},"12":{"start":{"line":21,"column":2},"end":{"line":21,"column":17}},"13":{"start":{"line":23,"column":2},"end":{"line":23,"column":16}},"14":{"start":{"line":24,"column":2},"end":{"line":24,"column":33}},"15":{"start":{"line":25,"column":2},"end":{"line":25,"column":25}},"16":{"start":{"line":27,"column":2},"end":{"line":27,"column":14}},"17":{"start":{"line":30,"column":0},"end":{"line":59,"column":1}},"18":{"start":{"line":31,"column":2},"end":{"line":31,"column":17}},"19":{"start":{"line":32,"column":2},"end":{"line":32,"column":25}},"20":{"start":{"line":34,"column":2},"end":{"line":43,"column":4}},"21":{"start":{"line":35,"column":4},"end":{"line":35,"column":30}},"22":{"start":{"line":35,"column":24},"end":{"line":35,"column":30}},"23":{"start":{"line":36,"column":4},"end":{"line":36,"column":44}},"24":{"start":{"line":37,"column":4},"end":{"line":37,"column":47}},"25":{"start":{"line":38,"column":4},"end":{"line":38,"column":42}},"26":{"start":{"line":39,"column":4},"end":{"line":41,"column":5}},"27":{"start":{"line":40,"column":6},"end":{"line":40,"column":27}},"28":{"start":{"line":42,"column":4},"end":{"line":42,"column":27}},"29":{"start":{"line":45,"column":2},"end":{"line":48,"column":4}},"30":{"start":{"line":46,"column":4},"end":{"line":46,"column":23}},"31":{"start":{"line":47,"column":4},"end":{"line":47,"column":18}},"32":{"start":{"line":50,"column":2},"end":{"line":50,"column":64}},"33":{"start":{"line":50,"column":40},"end":{"line":50,"column":62}},"34":{"start":{"line":51,"column":2},"end":{"line":51,"column":50}},"35":{"start":{"line":51,"column":33},"end":{"line":51,"column":48}},"36":{"start":{"line":52,"column":2},"end":{"line":52,"column":54}},"37":{"start":{"line":52,"column":35},"end":{"line":52,"column":52}},"38":{"start":{"line":53,"column":2},"end":{"line":53,"column":56}},"39":{"start":{"line":53,"column":36},"end":{"line":53,"column":54}},"40":{"start":{"line":55,"column":2},"end":{"line":58,"column":4}},"41":{"start":{"line":56,"column":4},"end":{"line":56,"column":82}},"42":{"start":{"line":57,"column":4},"end":{"line":57,"column":58}},"43":{"start":{"line":61,"column":0},"end":{"line":192,"column":1}},"44":{"start":{"line":62,"column":2},"end":{"line":62,"column":17}},"45":{"start":{"line":63,"column":2},"end":{"line":63,"column":58}},"46":{"start":{"line":64,"column":2},"end":{"line":64,"column":39}},"47":{"start":{"line":65,"column":2},"end":{"line":65,"column":40}},"48":{"start":{"line":70,"column":2},"end":{"line":70,"column":33}},"49":{"start":{"line":71,"column":2},"end":{"line":71,"column":14}},"50":{"start":{"line":72,"column":2},"end":{"line":98,"column":3}},"51":{"start":{"line":73,"column":4},"end":{"line":77,"column":6}},"52":{"start":{"line":79,"column":4},"end":{"line":81,"column":6}},"53":{"start":{"line":80,"column":6},"end":{"line":80,"column":80}},"54":{"start":{"line":82,"column":4},"end":{"line":84,"column":5}},"55":{"start":{"line":83,"column":6},"end":{"line":83,"column":90}},"56":{"start":{"line":86,"column":4},"end":{"line":97,"column":6}},"57":{"start":{"line":87,"column":6},"end":{"line":87,"column":67}},"58":{"start":{"line":88,"column":6},"end":{"line":90,"column":26}},"59":{"start":{"line":91,"column":6},"end":{"line":96,"column":7}},"60":{"start":{"line":103,"column":2},"end":{"line":103,"column":30}},"61":{"start":{"line":104,"column":2},"end":{"line":104,"column":22}},"62":{"start":{"line":106,"column":2},"end":{"line":106,"column":9}},"63":{"start":{"line":107,"column":2},"end":{"line":109,"column":3}},"64":{"start":{"line":108,"column":4},"end":{"line":108,"column":30}},"65":{"start":{"line":111,"column":2},"end":{"line":191,"column":4}},"66":{"start":{"line":112,"column":4},"end":{"line":112,"column":25}},"67":{"start":{"line":113,"column":4},"end":{"line":113,"column":29}},"68":{"start":{"line":114,"column":4},"end":{"line":114,"column":25}},"69":{"start":{"line":115,"column":4},"end":{"line":118,"column":5}},"70":{"start":{"line":119,"column":4},"end":{"line":126,"column":5}},"71":{"start":{"line":127,"column":4},"end":{"line":145,"column":5}},"72":{"start":{"line":128,"column":6},"end":{"line":131,"column":7}},"73":{"start":{"line":129,"column":8},"end":{"line":129,"column":23}},"74":{"start":{"line":130,"column":8},"end":{"line":130,"column":77}},"75":{"start":{"line":132,"column":6},"end":{"line":132,"column":49}},"76":{"start":{"line":134,"column":6},"end":{"line":144,"column":7}},"77":{"start":{"line":136,"column":8},"end":{"line":136,"column":22}},"78":{"start":{"line":140,"column":8},"end":{"line":140,"column":49}},"79":{"start":{"line":141,"column":8},"end":{"line":143,"column":9}},"80":{"start":{"line":142,"column":10},"end":{"line":142,"column":23}},"81":{"start":{"line":146,"column":4},"end":{"line":190,"column":6}},"82":{"start":{"line":147,"column":6},"end":{"line":147,"column":26}},"83":{"start":{"line":147,"column":20},"end":{"line":147,"column":26}},"84":{"start":{"line":148,"column":6},"end":{"line":188,"column":7}},"85":{"start":{"line":158,"column":8},"end":{"line":161,"column":9}},"86":{"start":{"line":159,"column":10},"end":{"line":159,"column":25}},"87":{"start":{"line":160,"column":10},"end":{"line":160,"column":24}},"88":{"start":{"line":163,"column":8},"end":{"line":187,"column":10}},"89":{"start":{"line":164,"column":10},"end":{"line":164,"column":30}},"90":{"start":{"line":164,"column":24},"end":{"line":164,"column":30}},"91":{"start":{"line":165,"column":10},"end":{"line":168,"column":11}},"92":{"start":{"line":166,"column":12},"end":{"line":166,"column":27}},"93":{"start":{"line":167,"column":12},"end":{"line":167,"column":30}},"94":{"start":{"line":169,"column":10},"end":{"line":172,"column":11}},"95":{"start":{"line":170,"column":12},"end":{"line":170,"column":27}},"96":{"start":{"line":171,"column":12},"end":{"line":171,"column":81}},"97":{"start":{"line":173,"column":10},"end":{"line":176,"column":11}},"98":{"start":{"line":174,"column":12},"end":{"line":174,"column":27}},"99":{"start":{"line":175,"column":12},"end":{"line":175,"column":26}},"100":{"start":{"line":178,"column":10},"end":{"line":178,"column":28}},"101":{"start":{"line":179,"column":10},"end":{"line":186,"column":12}},"102":{"start":{"line":180,"column":12},"end":{"line":180,"column":32}},"103":{"start":{"line":180,"column":26},"end":{"line":180,"column":32}},"104":{"start":{"line":181,"column":12},"end":{"line":184,"column":13}},"105":{"start":{"line":182,"column":14},"end":{"line":182,"column":29}},"106":{"start":{"line":183,"column":14},"end":{"line":183,"column":28}},"107":{"start":{"line":185,"column":12},"end":{"line":185,"column":33}},"108":{"start":{"line":189,"column":6},"end":{"line":189,"column":27}},"109":{"start":{"line":194,"column":0},"end":{"line":197,"column":1}},"110":{"start":{"line":195,"column":2},"end":{"line":195,"column":35}},"111":{"start":{"line":196,"column":2},"end":{"line":196,"column":22}}},"branchMap":{"1":{"line":35,"type":"if","locations":[{"start":{"line":35,"column":4},"end":{"line":35,"column":4}},{"start":{"line":35,"column":4},"end":{"line":35,"column":4}}]},"2":{"line":72,"type":"if","locations":[{"start":{"line":72,"column":2},"end":{"line":72,"column":2}},{"start":{"line":72,"column":2},"end":{"line":72,"column":2}}]},"3":{"line":80,"type":"binary-expr","locations":[{"start":{"line":80,"column":13},"end":{"line":80,"column":36}},{"start":{"line":80,"column":40},"end":{"line":80,"column":80}}]},"4":{"line":82,"type":"if","locations":[{"start":{"line":82,"column":4},"end":{"line":82,"column":4}},{"start":{"line":82,"column":4},"end":{"line":82,"column":4}}]},"5":{"line":89,"type":"cond-expr","locations":[{"start":{"line":89,"column":49},"end":{"line":89,"column":51}},{"start":{"line":89,"column":54},"end":{"line":89,"column":57}}]},"6":{"line":107,"type":"if","locations":[{"start":{"line":107,"column":2},"end":{"line":107,"column":2}},{"start":{"line":107,"column":2},"end":{"line":107,"column":2}}]},"7":{"line":128,"type":"if","locations":[{"start":{"line":128,"column":6},"end":{"line":128,"column":6}},{"start":{"line":128,"column":6},"end":{"line":128,"column":6}}]},"8":{"line":128,"type":"binary-expr","locations":[{"start":{"line":128,"column":10},"end":{"line":128,"column":30}},{"start":{"line":128,"column":34},"end":{"line":128,"column":55}}]},"9":{"line":134,"type":"if","locations":[{"start":{"line":134,"column":6},"end":{"line":134,"column":6}},{"start":{"line":134,"column":6},"end":{"line":134,"column":6}}]},"10":{"line":141,"type":"if","locations":[{"start":{"line":141,"column":8},"end":{"line":141,"column":8}},{"start":{"line":141,"column":8},"end":{"line":141,"column":8}}]},"11":{"line":147,"type":"if","locations":[{"start":{"line":147,"column":6},"end":{"line":147,"column":6}},{"start":{"line":147,"column":6},"end":{"line":147,"column":6}}]},"12":{"line":148,"type":"if","locations":[{"start":{"line":148,"column":6},"end":{"line":148,"column":6}},{"start":{"line":148,"column":6},"end":{"line":148,"column":6}}]},"13":{"line":158,"type":"if","locations":[{"start":{"line":158,"column":8},"end":{"line":158,"column":8}},{"start":{"line":158,"column":8},"end":{"line":158,"column":8}}]},"14":{"line":158,"type":"binary-expr","locations":[{"start":{"line":158,"column":12},"end":{"line":158,"column":41}},{"start":{"line":158,"column":45},"end":{"line":158,"column":89}}]},"15":{"line":164,"type":"if","locations":[{"start":{"line":164,"column":10},"end":{"line":164,"column":10}},{"start":{"line":164,"column":10},"end":{"line":164,"column":10}}]},"16":{"line":165,"type":"if","locations":[{"start":{"line":165,"column":10},"end":{"line":165,"column":10}},{"start":{"line":165,"column":10},"end":{"line":165,"column":10}}]},"17":{"line":169,"type":"if","locations":[{"start":{"line":169,"column":10},"end":{"line":169,"column":10}},{"start":{"line":169,"column":10},"end":{"line":169,"column":10}}]},"18":{"line":169,"type":"binary-expr","locations":[{"start":{"line":169,"column":14},"end":{"line":169,"column":34}},{"start":{"line":169,"column":38},"end":{"line":169,"column":59}}]},"19":{"line":173,"type":"if","locations":[{"start":{"line":173,"column":10},"end":{"line":173,"column":10}},{"start":{"line":173,"column":10},"end":{"line":173,"column":10}}]},"20":{"line":180,"type":"if","locations":[{"start":{"line":180,"column":12},"end":{"line":180,"column":12}},{"start":{"line":180,"column":12},"end":{"line":180,"column":12}}]},"21":{"line":181,"type":"if","locations":[{"start":{"line":181,"column":12},"end":{"line":181,"column":12}},{"start":{"line":181,"column":12},"end":{"line":181,"column":12}}]}},"code":["module.exports = WebConn","","var BitField = require('bitfield')","var Buffer = require('safe-buffer').Buffer","var debug = require('debug')('webtorrent:webconn')","var get = require('simple-get')","var inherits = require('inherits')","var sha1 = require('simple-sha1')","var Wire = require('bittorrent-protocol')","","var VERSION = require('../package.json').version","","inherits(WebConn, Wire)","","/**"," * Converts requests for torrent blocks into http range requests."," * @param {string} url web seed url"," * @param {Object} torrent"," */","function WebConn (url, torrent) {","  Wire.call(this)","","  this.url = url","  this.webPeerId = sha1.sync(url)","  this._torrent = torrent","","  this._init()","}","","WebConn.prototype._init = function () {","  var self = this","  self.setKeepAlive(true)","","  self.once('handshake', function (infoHash, peerId) {","    if (self.destroyed) return","    self.handshake(infoHash, self.webPeerId)","    var numPieces = self._torrent.pieces.length","    var bitfield = new BitField(numPieces)","    for (var i = 0; i <= numPieces; i++) {","      bitfield.set(i, true)","    }","    self.bitfield(bitfield)","  })","","  self.once('interested', function () {","    debug('interested')","    self.unchoke()","  })","","  self.on('uninterested', function () { debug('uninterested') })","  self.on('choke', function () { debug('choke') })","  self.on('unchoke', function () { debug('unchoke') })","  self.on('bitfield', function () { debug('bitfield') })","","  self.on('request', function (pieceIndex, offset, length, callback) {","    debug('request pieceIndex=%d offset=%d length=%d', pieceIndex, offset, length)","    self.httpRequest(pieceIndex, offset, length, callback)","  })","}","","WebConn.prototype.httpRequest = function (pieceIndex, offset, length, cb) {","  var self = this","  var pieceOffset = pieceIndex * self._torrent.pieceLength","  var rangeStart = pieceOffset + offset /* offset within whole torrent */","  var rangeEnd = rangeStart + length - 1","","  // Web seed URL format:","  // For single-file torrents, make HTTP range requests directly to the web seed URL","  // For multi-file torrents, add the torrent folder and file name to the URL","  var files = self._torrent.files","  var requests","  if (files.length <= 1) {","    requests = [{","      url: self.url,","      start: rangeStart,","      end: rangeEnd","    }]","  } else {","    var requestedFiles = files.filter(function (file) {","      return file.offset <= rangeEnd && (file.offset + file.length) > rangeStart","    })","    if (requestedFiles.length < 1) {","      return cb(new Error('Could not find file corresponnding to web seed range request'))","    }","","    requests = requestedFiles.map(function (requestedFile) {","      var fileEnd = requestedFile.offset + requestedFile.length - 1","      var url = self.url +","        (self.url[self.url.length - 1] === '/' ? '' : '/') +","        requestedFile.path","      return {","        url: url,","        fileOffsetInRange: Math.max(requestedFile.offset - rangeStart, 0),","        start: Math.max(rangeStart - requestedFile.offset, 0),","        end: Math.min(fileEnd, rangeEnd - requestedFile.offset)","      }","    })","  }","","  // Now make all the HTTP requests we need in order to load this piece","  // Usually that's one requests, but sometimes it will be multiple","  // Send requests in parallel and wait for them all to come back","  var numRequestsSucceeded = 0","  var hasError = false","","  var ret","  if (requests.length > 1) {","    ret = Buffer.alloc(length)","  }","","  requests.forEach(function (request) {","    var url = request.url","    var start = request.start","    var end = request.end","    debug(","      'Requesting url=%s pieceIndex=%d offset=%d length=%d start=%d end=%d',","      url, pieceIndex, offset, length, start, end","    )","    var opts = {","      url: url,","      method: 'GET',","      headers: {","        'user-agent': 'WebTorrent/' + VERSION + ' (https://webtorrent.io)',","        range: 'bytes=' + start + '-' + end","      }","    }","    function onResponse (res, data) {","      if (res.statusCode < 200 || res.statusCode >= 300) {","        hasError = true","        return cb(new Error('Unexpected HTTP status code ' + res.statusCode))","      }","      debug('Got data of length %d', data.length)","","      if (requests.length === 1) {","        // Common case: fetch piece in a single HTTP request, return directly","        cb(null, data)","      } else {","        // Rare case: reconstruct multiple HTTP requests across 2+ files into one","        // piece buffer","        data.copy(ret, request.fileOffsetInRange)","        if (++numRequestsSucceeded === requests.length) {","          cb(null, ret)","        }","      }","    }","    get.concat(opts, function (err, res, data) {","      if (hasError) return","      if (err) {","        // Browsers allow HTTP redirects for simple cross-origin","        // requests but not for requests that require preflight.","        // Use a simple request to unravel any redirects and get the","        // final URL.  Retry the original request with the new URL if","        // it's different.","        //","        // This test is imperfect but it's simple and good for common","        // cases.  It catches all cross-origin cases but matches a few","        // same-origin cases too.","        if (typeof window === 'undefined' || url.startsWith(window.location.origin + '/')) {","          hasError = true","          return cb(err)","        }","","        return get.head(url, function (errHead, res) {","          if (hasError) return","          if (errHead) {","            hasError = true","            return cb(errHead)","          }","          if (res.statusCode < 200 || res.statusCode >= 300) {","            hasError = true","            return cb(new Error('Unexpected HTTP status code ' + res.statusCode))","          }","          if (res.url === url) {","            hasError = true","            return cb(err)","          }","","          opts.url = res.url","          get.concat(opts, function (err, res, data) {","            if (hasError) return","            if (err) {","              hasError = true","              return cb(err)","            }","            onResponse(res, data)","          })","        })","      }","      onResponse(res, data)","    })","  })","}","","WebConn.prototype.destroy = function () {","  Wire.prototype.destroy.call(this)","  this._torrent = null","}",""],"l":{"1":2,"3":2,"4":2,"5":2,"6":2,"7":2,"8":2,"9":2,"11":0,"13":0,"20":1,"21":0,"23":0,"24":0,"25":0,"27":0,"30":0,"31":0,"32":0,"34":0,"35":0,"36":0,"37":0,"38":0,"39":0,"40":0,"42":0,"45":0,"46":0,"47":0,"50":0,"51":0,"52":0,"53":0,"55":0,"56":0,"57":0,"61":0,"62":0,"63":0,"64":0,"65":0,"70":0,"71":0,"72":0,"73":0,"79":0,"80":0,"82":0,"83":0,"86":0,"87":0,"88":0,"91":0,"103":0,"104":0,"106":0,"107":0,"108":0,"111":0,"112":0,"113":0,"114":0,"115":0,"119":0,"127":1,"128":0,"129":0,"130":0,"132":0,"134":0,"136":0,"140":0,"141":0,"142":0,"146":0,"147":0,"148":0,"158":0,"159":0,"160":0,"163":0,"164":0,"165":0,"166":0,"167":0,"169":0,"170":0,"171":0,"173":0,"174":0,"175":0,"178":0,"179":0,"180":0,"181":0,"182":0,"183":0,"185":0,"189":0,"194":0,"195":0,"196":0}}}